<?xml version="1.0" encoding="UTF-8"?>
<coverage generated="1768679572633" clover="3.2.0">
  <project timestamp="1768679572634" name="All files">
    <metrics statements="759" coveredstatements="221" conditionals="265" coveredconditionals="69" methods="200" coveredmethods="57" elements="1224" coveredelements="347" complexity="0" loc="759" ncloc="759" packages="3" files="5" classes="5"/>
    <package name="server">
      <metrics statements="664" coveredstatements="126" conditionals="265" coveredconditionals="69" methods="168" coveredmethods="25"/>
      <file name="buzzkillBoards.ts" path="/home/runner/workspace/server/buzzkillBoards.ts">
        <metrics statements="141" coveredstatements="102" conditionals="93" coveredconditionals="63" methods="24" coveredmethods="15"/>
        <line num="43" count="280" type="stmt"/>
        <line num="44" count="280" type="cond" truecount="2" falsecount="0"/>
        <line num="46" count="276" type="stmt"/>
        <line num="47" count="1380" type="stmt"/>
        <line num="48" count="1374" type="stmt"/>
        <line num="55" count="17" type="stmt"/>
        <line num="57" count="17" type="stmt"/>
        <line num="58" count="17" type="cond" truecount="2" falsecount="0"/>
        <line num="59" count="1" type="stmt"/>
        <line num="67" count="16" type="stmt"/>
        <line num="68" count="101" type="cond" truecount="2" falsecount="0"/>
        <line num="71" count="16" type="cond" truecount="1" falsecount="1"/>
        <line num="72" count="0" type="cond" truecount="0" falsecount="3"/>
        <line num="73" count="101" type="cond" truecount="3" falsecount="0"/>
        <line num="76" count="17" type="stmt"/>
        <line num="77" count="17" type="stmt"/>
        <line num="78" count="17" type="stmt"/>
        <line num="81" count="17" type="cond" truecount="2" falsecount="0"/>
        <line num="82" count="17" type="cond" truecount="2" falsecount="0"/>
        <line num="85" count="17" type="cond" truecount="2" falsecount="0"/>
        <line num="86" count="1" type="stmt"/>
        <line num="87" count="1" type="stmt"/>
        <line num="88" count="1" type="stmt"/>
        <line num="89" count="3" type="cond" truecount="1" falsecount="1"/>
        <line num="90" count="3" type="stmt"/>
        <line num="91" count="3" type="cond" truecount="3" falsecount="1"/>
        <line num="93" count="3" type="cond" truecount="1" falsecount="1"/>
        <line num="94" count="3" type="stmt"/>
        <line num="95" count="3" type="stmt"/>
        <line num="96" count="3" type="stmt"/>
        <line num="103" count="16" type="cond" truecount="1" falsecount="1"/>
        <line num="104" count="16" type="stmt"/>
        <line num="105" count="100" type="stmt"/>
        <line num="106" count="100" type="stmt"/>
        <line num="107" count="326" type="cond" truecount="1" falsecount="1"/>
        <line num="108" count="326" type="stmt"/>
        <line num="109" count="326" type="cond" truecount="4" falsecount="0"/>
        <line num="111" count="277" type="cond" truecount="2" falsecount="0"/>
        <line num="112" count="270" type="stmt"/>
        <line num="113" count="270" type="stmt"/>
        <line num="120" count="16" type="stmt"/>
        <line num="126" count="16" type="cond" truecount="1" falsecount="1"/>
        <line num="127" count="0" type="stmt"/>
        <line num="134" count="16" type="cond" truecount="1" falsecount="1"/>
        <line num="135" count="389" type="stmt"/>
        <line num="140" count="17" type="stmt"/>
        <line num="141" count="17" type="stmt"/>
        <line num="142" count="17" type="stmt"/>
        <line num="144" count="17" type="stmt"/>
        <line num="145" count="273" type="cond" truecount="2" falsecount="0"/>
        <line num="147" count="3" type="stmt"/>
        <line num="150" count="270" type="stmt"/>
        <line num="151" count="270" type="cond" truecount="2" falsecount="0"/>
        <line num="152" count="270" type="cond" truecount="2" falsecount="0"/>
        <line num="153" count="96" type="stmt"/>
        <line num="155" count="270" type="stmt"/>
        <line num="160" count="273" type="stmt"/>
        <line num="161" count="16" type="stmt"/>
        <line num="163" count="16" type="cond" truecount="2" falsecount="0"/>
        <line num="164" count="1" type="stmt"/>
        <line num="165" count="1" type="stmt"/>
        <line num="168" count="16" type="stmt"/>
        <line num="169" count="16" type="stmt"/>
        <line num="173" count="16" type="stmt"/>
        <line num="174" count="3" type="stmt"/>
        <line num="177" count="16" type="stmt"/>
        <line num="178" count="3" type="cond" truecount="1" falsecount="1"/>
        <line num="179" count="3" type="stmt"/>
        <line num="180" count="3" type="stmt"/>
        <line num="184" count="16" type="stmt"/>
        <line num="188" count="16" type="cond" truecount="1" falsecount="1"/>
        <line num="189" count="16" type="stmt"/>
        <line num="192" count="16" type="stmt"/>
        <line num="193" count="16" type="stmt"/>
        <line num="194" count="96" type="stmt"/>
        <line num="195" count="96" type="stmt"/>
        <line num="196" count="270" type="cond" truecount="2" falsecount="0"/>
        <line num="198" count="96" type="cond" truecount="1" falsecount="1"/>
        <line num="199" count="96" type="stmt"/>
        <line num="204" count="16" type="stmt"/>
        <line num="207" count="16" type="cond" truecount="2" falsecount="0"/>
        <line num="209" count="16" type="stmt"/>
        <line num="210" count="16" type="cond" truecount="1" falsecount="1"/>
        <line num="212" count="16" type="stmt"/>
        <line num="214" count="16" type="stmt"/>
        <line num="215" count="93" type="cond" truecount="2" falsecount="0"/>
        <line num="218" count="123" type="cond" truecount="2" falsecount="0"/>
        <line num="219" count="77" type="cond" truecount="2" falsecount="2"/>
        <line num="220" count="0" type="stmt"/>
        <line num="223" count="77" type="stmt"/>
        <line num="224" count="77" type="cond" truecount="3" falsecount="1"/>
        <line num="225" count="77" type="stmt"/>
        <line num="226" count="77" type="stmt"/>
        <line num="227" count="77" type="stmt"/>
        <line num="228" count="77" type="stmt"/>
        <line num="229" count="77" type="stmt"/>
        <line num="232" count="77" type="cond" truecount="1" falsecount="1"/>
        <line num="233" count="0" type="stmt"/>
        <line num="239" count="36" type="stmt"/>
        <line num="240" count="16" type="cond" truecount="1" falsecount="1"/>
        <line num="241" count="0" type="stmt"/>
        <line num="245" count="16" type="cond" truecount="1" falsecount="1"/>
        <line num="252" count="16" type="stmt"/>
        <line num="253" count="80" type="cond" truecount="1" falsecount="1"/>
        <line num="254" count="80" type="stmt"/>
        <line num="258" count="16" type="stmt"/>
        <line num="260" count="16" type="stmt"/>
        <line num="270" count="0" type="stmt"/>
        <line num="271" count="0" type="stmt"/>
        <line num="279" count="0" type="stmt"/>
        <line num="284" count="0" type="stmt"/>
        <line num="286" count="0" type="stmt"/>
        <line num="287" count="0" type="stmt"/>
        <line num="288" count="0" type="stmt"/>
        <line num="289" count="0" type="stmt"/>
        <line num="290" count="0" type="stmt"/>
        <line num="298" count="0" type="stmt"/>
        <line num="305" count="0" type="stmt"/>
        <line num="306" count="0" type="cond" truecount="0" falsecount="2"/>
        <line num="308" count="0" type="stmt"/>
        <line num="309" count="0" type="cond" truecount="0" falsecount="2"/>
        <line num="311" count="0" type="stmt"/>
        <line num="313" count="0" type="stmt"/>
        <line num="316" count="0" type="stmt"/>
        <line num="332" count="0" type="stmt"/>
        <line num="333" count="0" type="stmt"/>
        <line num="335" count="0" type="cond" truecount="0" falsecount="4"/>
        <line num="337" count="0" type="stmt"/>
        <line num="338" count="0" type="stmt"/>
        <line num="340" count="0" type="stmt"/>
        <line num="341" count="0" type="stmt"/>
        <line num="342" count="0" type="stmt"/>
        <line num="343" count="0" type="stmt"/>
        <line num="345" count="0" type="stmt"/>
        <line num="351" count="0" type="stmt"/>
        <line num="354" count="0" type="stmt"/>
        <line num="363" count="0" type="stmt"/>
        <line num="364" count="0" type="stmt"/>
        <line num="365" count="0" type="stmt"/>
        <line num="366" count="0" type="stmt"/>
        <line num="368" count="0" type="stmt"/>
      </file>
      <file name="db.ts" path="/home/runner/workspace/server/db.ts">
        <metrics statements="5" coveredstatements="4" conditionals="2" coveredconditionals="1" methods="0" coveredmethods="0"/>
        <line num="5" count="29" type="stmt"/>
        <line num="7" count="29" type="cond" truecount="1" falsecount="1"/>
        <line num="8" count="0" type="stmt"/>
        <line num="13" count="29" type="stmt"/>
        <line num="14" count="29" type="stmt"/>
      </file>
      <file name="storage.ts" path="/home/runner/workspace/server/storage.ts">
        <metrics statements="518" coveredstatements="20" conditionals="170" coveredconditionals="5" methods="144" coveredmethods="10"/>
        <line num="170" count="16" type="cond" truecount="1" falsecount="1"/>
        <line num="171" count="16" type="stmt"/>
        <line num="173" count="0" type="stmt"/>
        <line num="177" count="0" type="cond" truecount="0" falsecount="2"/>
        <line num="178" count="0" type="stmt"/>
        <line num="179" count="0" type="stmt"/>
        <line num="181" count="0" type="stmt"/>
        <line num="182" count="0" type="stmt"/>
        <line num="186" count="0" type="stmt"/>
        <line num="187" count="0" type="stmt"/>
        <line num="191" count="0" type="stmt"/>
        <line num="192" count="0" type="stmt"/>
        <line num="193" count="0" type="cond" truecount="0" falsecount="2"/>
        <line num="194" count="0" type="stmt"/>
        <line num="197" count="0" type="cond" truecount="0" falsecount="2"/>
        <line num="198" count="0" type="stmt"/>
        <line num="200" count="0" type="cond" truecount="0" falsecount="2"/>
        <line num="201" count="0" type="stmt"/>
        <line num="202" count="0" type="stmt"/>
        <line num="204" count="0" type="stmt"/>
        <line num="205" count="0" type="stmt"/>
        <line num="209" count="0" type="stmt"/>
        <line num="210" count="0" type="cond" truecount="0" falsecount="2"/>
        <line num="211" count="0" type="stmt"/>
        <line num="212" count="0" type="stmt"/>
        <line num="213" count="0" type="stmt"/>
        <line num="215" count="0" type="stmt"/>
        <line num="216" count="0" type="cond" truecount="0" falsecount="2"/>
        <line num="217" count="0" type="stmt"/>
        <line num="218" count="0" type="stmt"/>
        <line num="220" count="0" type="stmt"/>
        <line num="221" count="0" type="stmt"/>
        <line num="225" count="0" type="stmt"/>
        <line num="229" count="329" type="stmt"/>
        <line num="230" count="329" type="stmt"/>
        <line num="234" count="0" type="stmt"/>
        <line num="235" count="0" type="stmt"/>
        <line num="239" count="0" type="stmt"/>
        <line num="240" count="0" type="stmt"/>
        <line num="244" count="0" type="stmt"/>
        <line num="245" count="0" type="stmt"/>
        <line num="246" count="0" type="stmt"/>
        <line num="248" count="0" type="stmt"/>
        <line num="249" count="0" type="stmt"/>
        <line num="250" count="0" type="stmt"/>
        <line num="254" count="101" type="stmt"/>
        <line num="267" count="101" type="cond" truecount="1" falsecount="1"/>
        <line num="269" count="329" type="stmt"/>
        <line num="270" count="101" type="stmt"/>
        <line num="279" count="281" type="stmt"/>
        <line num="281" count="329" type="stmt"/>
        <line num="292" count="0" type="stmt"/>
        <line num="296" count="0" type="stmt"/>
        <line num="300" count="0" type="stmt"/>
        <line num="301" count="0" type="stmt"/>
        <line num="305" count="0" type="stmt"/>
        <line num="307" count="0" type="stmt"/>
        <line num="311" count="0" type="stmt"/>
        <line num="314" count="0" type="cond" truecount="0" falsecount="2"/>
        <line num="315" count="0" type="stmt"/>
        <line num="316" count="0" type="stmt"/>
        <line num="320" count="0" type="stmt"/>
        <line num="321" count="0" type="stmt"/>
        <line num="322" count="0" type="stmt"/>
        <line num="326" count="0" type="stmt"/>
        <line num="332" count="0" type="stmt"/>
        <line num="333" count="0" type="stmt"/>
        <line num="337" count="0" type="stmt"/>
        <line num="338" count="0" type="stmt"/>
        <line num="342" count="0" type="stmt"/>
        <line num="343" count="0" type="stmt"/>
        <line num="347" count="0" type="stmt"/>
        <line num="348" count="0" type="stmt"/>
        <line num="352" count="0" type="stmt"/>
        <line num="353" count="0" type="cond" truecount="0" falsecount="2"/>
        <line num="355" count="0" type="stmt"/>
        <line num="356" count="0" type="stmt"/>
        <line num="358" count="0" type="stmt"/>
        <line num="359" count="0" type="stmt"/>
        <line num="360" count="0" type="stmt"/>
        <line num="366" count="0" type="stmt"/>
        <line num="370" count="0" type="stmt"/>
        <line num="371" count="0" type="stmt"/>
        <line num="373" count="0" type="stmt"/>
        <line num="374" count="0" type="stmt"/>
        <line num="375" count="0" type="stmt"/>
        <line num="379" count="0" type="stmt"/>
        <line num="388" count="0" type="stmt"/>
        <line num="393" count="0" type="cond" truecount="0" falsecount="2"/>
        <line num="394" count="0" type="stmt"/>
        <line num="396" count="0" type="stmt"/>
        <line num="400" count="0" type="cond" truecount="0" falsecount="2"/>
        <line num="401" count="0" type="stmt"/>
        <line num="402" count="0" type="stmt"/>
        <line num="404" count="0" type="stmt"/>
        <line num="405" count="0" type="stmt"/>
        <line num="409" count="0" type="stmt"/>
        <line num="410" count="0" type="stmt"/>
        <line num="414" count="0" type="stmt"/>
        <line num="415" count="0" type="stmt"/>
        <line num="416" count="0" type="cond" truecount="0" falsecount="2"/>
        <line num="417" count="0" type="stmt"/>
        <line num="420" count="0" type="cond" truecount="0" falsecount="2"/>
        <line num="421" count="0" type="stmt"/>
        <line num="423" count="0" type="cond" truecount="0" falsecount="2"/>
        <line num="424" count="0" type="stmt"/>
        <line num="425" count="0" type="stmt"/>
        <line num="427" count="0" type="stmt"/>
        <line num="428" count="0" type="stmt"/>
        <line num="432" count="0" type="stmt"/>
        <line num="433" count="0" type="cond" truecount="0" falsecount="2"/>
        <line num="434" count="0" type="stmt"/>
        <line num="435" count="0" type="stmt"/>
        <line num="436" count="0" type="cond" truecount="0" falsecount="2"/>
        <line num="437" count="0" type="stmt"/>
        <line num="438" count="0" type="stmt"/>
        <line num="440" count="0" type="stmt"/>
        <line num="441" count="0" type="stmt"/>
        <line num="446" count="0" type="stmt"/>
        <line num="458" count="0" type="stmt"/>
        <line num="468" count="0" type="stmt"/>
        <line num="471" count="0" type="cond" truecount="0" falsecount="3"/>
        <line num="472" count="0" type="stmt"/>
        <line num="473" count="0" type="stmt"/>
        <line num="477" count="0" type="stmt"/>
        <line num="480" count="0" type="stmt"/>
        <line num="484" count="0" type="stmt"/>
        <line num="488" count="0" type="stmt"/>
        <line num="494" count="0" type="cond" truecount="0" falsecount="2"/>
        <line num="495" count="0" type="stmt"/>
        <line num="497" count="0" type="stmt"/>
        <line num="500" count="0" type="cond" truecount="0" falsecount="2"/>
        <line num="502" count="0" type="stmt"/>
        <line num="503" count="0" type="stmt"/>
        <line num="512" count="0" type="stmt"/>
        <line num="514" count="0" type="stmt"/>
        <line num="521" count="0" type="cond" truecount="0" falsecount="2"/>
        <line num="522" count="0" type="stmt"/>
        <line num="523" count="0" type="stmt"/>
        <line num="525" count="0" type="stmt"/>
        <line num="526" count="0" type="stmt"/>
        <line num="530" count="0" type="stmt"/>
        <line num="531" count="0" type="stmt"/>
        <line num="535" count="0" type="stmt"/>
        <line num="536" count="0" type="stmt"/>
        <line num="537" count="0" type="cond" truecount="0" falsecount="2"/>
        <line num="538" count="0" type="stmt"/>
        <line num="541" count="0" type="cond" truecount="0" falsecount="2"/>
        <line num="542" count="0" type="stmt"/>
        <line num="544" count="0" type="cond" truecount="0" falsecount="2"/>
        <line num="545" count="0" type="stmt"/>
        <line num="546" count="0" type="stmt"/>
        <line num="548" count="0" type="stmt"/>
        <line num="549" count="0" type="stmt"/>
        <line num="553" count="0" type="stmt"/>
        <line num="554" count="0" type="cond" truecount="0" falsecount="2"/>
        <line num="555" count="0" type="stmt"/>
        <line num="556" count="0" type="stmt"/>
        <line num="557" count="0" type="cond" truecount="0" falsecount="2"/>
        <line num="558" count="0" type="stmt"/>
        <line num="559" count="0" type="stmt"/>
        <line num="561" count="0" type="stmt"/>
        <line num="562" count="0" type="stmt"/>
        <line num="567" count="0" type="stmt"/>
        <line num="571" count="0" type="stmt"/>
        <line num="572" count="0" type="stmt"/>
        <line num="576" count="0" type="stmt"/>
        <line num="577" count="0" type="stmt"/>
        <line num="581" count="0" type="stmt"/>
        <line num="582" count="0" type="stmt"/>
        <line num="586" count="0" type="stmt"/>
        <line num="587" count="0" type="stmt"/>
        <line num="592" count="0" type="stmt"/>
        <line num="604" count="0" type="stmt"/>
        <line num="614" count="0" type="stmt"/>
        <line num="617" count="0" type="cond" truecount="0" falsecount="3"/>
        <line num="618" count="0" type="stmt"/>
        <line num="619" count="0" type="stmt"/>
        <line num="623" count="0" type="stmt"/>
        <line num="626" count="0" type="stmt"/>
        <line num="631" count="0" type="stmt"/>
        <line num="632" count="0" type="stmt"/>
        <line num="636" count="17" type="stmt"/>
        <line num="637" count="17" type="stmt"/>
        <line num="641" count="0" type="stmt"/>
        <line num="642" count="0" type="stmt"/>
        <line num="646" count="0" type="stmt"/>
        <line num="647" count="0" type="cond" truecount="0" falsecount="2"/>
        <line num="648" count="0" type="stmt"/>
        <line num="649" count="0" type="stmt"/>
        <line num="653" count="0" type="stmt"/>
        <line num="661" count="0" type="stmt"/>
        <line num="665" count="0" type="stmt"/>
        <line num="666" count="0" type="stmt"/>
        <line num="667" count="0" type="cond" truecount="0" falsecount="2"/>
        <line num="668" count="0" type="stmt"/>
        <line num="671" count="0" type="stmt"/>
        <line num="672" count="0" type="stmt"/>
        <line num="676" count="0" type="stmt"/>
        <line num="677" count="0" type="stmt"/>
        <line num="678" count="0" type="stmt"/>
        <line num="679" count="0" type="stmt"/>
        <line num="683" count="0" type="stmt"/>
        <line num="687" count="0" type="stmt"/>
        <line num="688" count="0" type="stmt"/>
        <line num="689" count="0" type="stmt"/>
        <line num="690" count="0" type="stmt"/>
        <line num="692" count="0" type="stmt"/>
        <line num="696" count="0" type="stmt"/>
        <line num="699" count="0" type="stmt"/>
        <line num="701" count="0" type="stmt"/>
        <line num="702" count="0" type="stmt"/>
        <line num="703" count="0" type="stmt"/>
        <line num="706" count="0" type="cond" truecount="0" falsecount="2"/>
        <line num="709" count="0" type="stmt"/>
        <line num="718" count="0" type="stmt"/>
        <line num="719" count="0" type="cond" truecount="0" falsecount="2"/>
        <line num="720" count="0" type="stmt"/>
        <line num="728" count="0" type="stmt"/>
        <line num="731" count="0" type="stmt"/>
        <line num="732" count="0" type="cond" truecount="0" falsecount="2"/>
        <line num="733" count="0" type="stmt"/>
        <line num="742" count="0" type="stmt"/>
        <line num="745" count="0" type="stmt"/>
        <line num="746" count="0" type="stmt"/>
        <line num="750" count="0" type="stmt"/>
        <line num="756" count="0" type="stmt"/>
        <line num="758" count="0" type="stmt"/>
        <line num="762" count="0" type="stmt"/>
        <line num="764" count="0" type="stmt"/>
        <line num="768" count="0" type="stmt"/>
        <line num="769" count="0" type="cond" truecount="0" falsecount="2"/>
        <line num="770" count="0" type="stmt"/>
        <line num="771" count="0" type="stmt"/>
        <line num="775" count="0" type="stmt"/>
        <line num="779" count="0" type="stmt"/>
        <line num="783" count="0" type="stmt"/>
        <line num="787" count="0" type="stmt"/>
        <line num="791" count="0" type="stmt"/>
        <line num="794" count="0" type="stmt"/>
        <line num="799" count="0" type="stmt"/>
        <line num="803" count="0" type="cond" truecount="0" falsecount="2"/>
        <line num="804" count="0" type="stmt"/>
        <line num="809" count="0" type="stmt"/>
        <line num="811" count="0" type="stmt"/>
        <line num="815" count="0" type="stmt"/>
        <line num="818" count="0" type="stmt"/>
        <line num="822" count="0" type="stmt"/>
        <line num="823" count="0" type="stmt"/>
        <line num="828" count="0" type="stmt"/>
        <line num="829" count="0" type="stmt"/>
        <line num="831" count="0" type="stmt"/>
        <line num="832" count="0" type="cond" truecount="0" falsecount="2"/>
        <line num="833" count="0" type="cond" truecount="0" falsecount="2"/>
        <line num="834" count="0" type="stmt"/>
        <line num="836" count="0" type="stmt"/>
        <line num="839" count="0" type="stmt"/>
        <line num="843" count="16" type="stmt"/>
        <line num="847" count="16" type="stmt"/>
        <line num="851" count="0" type="stmt"/>
        <line num="855" count="0" type="stmt"/>
        <line num="859" count="0" type="stmt"/>
        <line num="863" count="0" type="stmt"/>
        <line num="865" count="0" type="stmt"/>
        <line num="866" count="0" type="stmt"/>
        <line num="870" count="0" type="stmt"/>
        <line num="871" count="0" type="stmt"/>
        <line num="872" count="0" type="cond" truecount="0" falsecount="2"/>
        <line num="873" count="0" type="cond" truecount="0" falsecount="2"/>
        <line num="874" count="0" type="stmt"/>
        <line num="876" count="0" type="stmt"/>
        <line num="881" count="0" type="stmt"/>
        <line num="885" count="0" type="stmt"/>
        <line num="889" count="0" type="cond" truecount="0" falsecount="2"/>
        <line num="891" count="0" type="stmt"/>
        <line num="892" count="0" type="stmt"/>
        <line num="896" count="0" type="cond" truecount="0" falsecount="2"/>
        <line num="900" count="280" type="stmt"/>
        <line num="904" count="280" type="cond" truecount="1" falsecount="1"/>
        <line num="906" count="280" type="stmt"/>
        <line num="907" count="280" type="stmt"/>
        <line num="911" count="280" type="stmt"/>
        <line num="915" count="0" type="stmt"/>
        <line num="916" count="0" type="stmt"/>
        <line num="917" count="0" type="stmt"/>
        <line num="918" count="0" type="stmt"/>
        <line num="922" count="0" type="stmt"/>
        <line num="926" count="0" type="stmt"/>
        <line num="927" count="0" type="stmt"/>
        <line num="928" count="0" type="stmt"/>
        <line num="929" count="0" type="cond" truecount="0" falsecount="2"/>
        <line num="930" count="0" type="stmt"/>
        <line num="934" count="0" type="stmt"/>
        <line num="944" count="0" type="stmt"/>
        <line num="945" count="0" type="stmt"/>
        <line num="949" count="0" type="stmt"/>
        <line num="950" count="0" type="stmt"/>
        <line num="951" count="0" type="stmt"/>
        <line num="953" count="0" type="stmt"/>
        <line num="957" count="0" type="stmt"/>
        <line num="961" count="0" type="stmt"/>
        <line num="962" count="0" type="stmt"/>
        <line num="970" count="0" type="stmt"/>
        <line num="986" count="0" type="cond" truecount="0" falsecount="2"/>
        <line num="989" count="0" type="cond" truecount="0" falsecount="2"/>
        <line num="1024" count="0" type="cond" truecount="0" falsecount="2"/>
        <line num="1026" count="0" type="stmt"/>
        <line num="1031" count="0" type="stmt"/>
        <line num="1032" count="0" type="stmt"/>
        <line num="1033" count="0" type="stmt"/>
        <line num="1034" count="0" type="stmt"/>
        <line num="1036" count="0" type="stmt"/>
        <line num="1037" count="0" type="stmt"/>
        <line num="1038" count="0" type="stmt"/>
        <line num="1042" count="0" type="stmt"/>
        <line num="1043" count="0" type="stmt"/>
        <line num="1044" count="0" type="stmt"/>
        <line num="1048" count="0" type="stmt"/>
        <line num="1059" count="0" type="stmt"/>
        <line num="1061" count="0" type="stmt"/>
        <line num="1062" count="0" type="stmt"/>
        <line num="1066" count="0" type="stmt"/>
        <line num="1067" count="0" type="stmt"/>
        <line num="1069" count="0" type="stmt"/>
        <line num="1070" count="0" type="cond" truecount="0" falsecount="2"/>
        <line num="1071" count="0" type="stmt"/>
        <line num="1074" count="0" type="stmt"/>
        <line num="1075" count="0" type="cond" truecount="0" falsecount="2"/>
        <line num="1076" count="0" type="stmt"/>
        <line num="1079" count="0" type="cond" truecount="0" falsecount="2"/>
        <line num="1083" count="0" type="stmt"/>
        <line num="1084" count="0" type="stmt"/>
        <line num="1091" count="0" type="stmt"/>
        <line num="1096" count="0" type="stmt"/>
        <line num="1097" count="0" type="stmt"/>
        <line num="1098" count="0" type="stmt"/>
        <line num="1099" count="0" type="stmt"/>
        <line num="1101" count="0" type="stmt"/>
        <line num="1104" count="0" type="stmt"/>
        <line num="1105" count="0" type="stmt"/>
        <line num="1106" count="0" type="stmt"/>
        <line num="1110" count="0" type="stmt"/>
        <line num="1111" count="0" type="stmt"/>
        <line num="1112" count="0" type="stmt"/>
        <line num="1113" count="0" type="stmt"/>
        <line num="1115" count="0" type="stmt"/>
        <line num="1117" count="0" type="stmt"/>
        <line num="1118" count="0" type="stmt"/>
        <line num="1122" count="0" type="stmt"/>
        <line num="1124" count="0" type="stmt"/>
        <line num="1125" count="0" type="cond" truecount="0" falsecount="2"/>
        <line num="1131" count="0" type="stmt"/>
        <line num="1135" count="0" type="stmt"/>
        <line num="1138" count="0" type="stmt"/>
        <line num="1140" count="0" type="stmt"/>
        <line num="1141" count="0" type="cond" truecount="0" falsecount="2"/>
        <line num="1142" count="0" type="stmt"/>
        <line num="1145" count="0" type="cond" truecount="0" falsecount="2"/>
        <line num="1148" count="0" type="stmt"/>
        <line num="1157" count="0" type="stmt"/>
        <line num="1162" count="0" type="stmt"/>
        <line num="1166" count="0" type="stmt"/>
        <line num="1171" count="0" type="stmt"/>
        <line num="1172" count="0" type="stmt"/>
        <line num="1175" count="0" type="stmt"/>
        <line num="1176" count="0" type="stmt"/>
        <line num="1178" count="0" type="stmt"/>
        <line num="1181" count="0" type="stmt"/>
        <line num="1182" count="0" type="stmt"/>
        <line num="1183" count="0" type="stmt"/>
        <line num="1188" count="0" type="stmt"/>
        <line num="1192" count="0" type="cond" truecount="0" falsecount="2"/>
        <line num="1193" count="0" type="stmt"/>
        <line num="1197" count="0" type="stmt"/>
        <line num="1204" count="0" type="stmt"/>
        <line num="1215" count="0" type="stmt"/>
        <line num="1216" count="0" type="stmt"/>
        <line num="1220" count="0" type="stmt"/>
        <line num="1221" count="0" type="stmt"/>
        <line num="1225" count="0" type="stmt"/>
        <line num="1226" count="0" type="stmt"/>
        <line num="1231" count="0" type="stmt"/>
        <line num="1232" count="0" type="stmt"/>
        <line num="1236" count="0" type="stmt"/>
        <line num="1237" count="0" type="stmt"/>
        <line num="1242" count="0" type="stmt"/>
        <line num="1250" count="0" type="stmt"/>
        <line num="1254" count="0" type="stmt"/>
        <line num="1255" count="0" type="stmt"/>
        <line num="1259" count="0" type="stmt"/>
        <line num="1260" count="0" type="stmt"/>
        <line num="1265" count="0" type="cond" truecount="0" falsecount="2"/>
        <line num="1266" count="0" type="stmt"/>
        <line num="1269" count="0" type="stmt"/>
        <line num="1273" count="0" type="stmt"/>
        <line num="1274" count="0" type="stmt"/>
        <line num="1279" count="0" type="stmt"/>
        <line num="1281" count="0" type="stmt"/>
        <line num="1285" count="0" type="stmt"/>
        <line num="1286" count="0" type="stmt"/>
        <line num="1290" count="0" type="stmt"/>
        <line num="1291" count="0" type="stmt"/>
        <line num="1296" count="0" type="stmt"/>
        <line num="1302" count="0" type="stmt"/>
        <line num="1307" count="0" type="stmt"/>
        <line num="1311" count="0" type="stmt"/>
        <line num="1312" count="0" type="stmt"/>
        <line num="1316" count="0" type="stmt"/>
        <line num="1317" count="0" type="stmt"/>
        <line num="1322" count="0" type="stmt"/>
        <line num="1323" count="0" type="stmt"/>
        <line num="1327" count="0" type="stmt"/>
        <line num="1332" count="0" type="stmt"/>
        <line num="1338" count="0" type="stmt"/>
        <line num="1339" count="0" type="stmt"/>
        <line num="1343" count="0" type="stmt"/>
        <line num="1350" count="0" type="stmt"/>
        <line num="1355" count="0" type="stmt"/>
        <line num="1361" count="0" type="stmt"/>
        <line num="1363" count="0" type="stmt"/>
        <line num="1367" count="0" type="stmt"/>
        <line num="1368" count="0" type="stmt"/>
        <line num="1372" count="0" type="stmt"/>
        <line num="1374" count="0" type="stmt"/>
        <line num="1379" count="0" type="stmt"/>
        <line num="1386" count="0" type="stmt"/>
        <line num="1388" count="0" type="stmt"/>
        <line num="1392" count="0" type="stmt"/>
        <line num="1393" count="0" type="stmt"/>
        <line num="1397" count="0" type="stmt"/>
        <line num="1398" count="0" type="stmt"/>
        <line num="1409" count="0" type="stmt"/>
        <line num="1417" count="0" type="cond" truecount="0" falsecount="2"/>
        <line num="1418" count="0" type="stmt"/>
        <line num="1422" count="0" type="stmt"/>
        <line num="1431" count="0" type="cond" truecount="0" falsecount="2"/>
        <line num="1432" count="0" type="stmt"/>
        <line num="1437" count="0" type="stmt"/>
        <line num="1440" count="0" type="stmt"/>
        <line num="1445" count="0" type="cond" truecount="0" falsecount="2"/>
        <line num="1446" count="0" type="stmt"/>
        <line num="1448" count="0" type="stmt"/>
        <line num="1452" count="0" type="stmt"/>
        <line num="1453" count="0" type="stmt"/>
        <line num="1457" count="0" type="cond" truecount="0" falsecount="2"/>
        <line num="1458" count="0" type="stmt"/>
        <line num="1459" count="0" type="stmt"/>
        <line num="1461" count="0" type="stmt"/>
        <line num="1462" count="0" type="stmt"/>
        <line num="1466" count="0" type="stmt"/>
        <line num="1501" count="0" type="stmt"/>
        <line num="1502" count="0" type="cond" truecount="0" falsecount="2"/>
        <line num="1503" count="0" type="stmt"/>
        <line num="1504" count="0" type="cond" truecount="0" falsecount="2"/>
        <line num="1506" count="0" type="stmt"/>
        <line num="1507" count="0" type="stmt"/>
        <line num="1508" count="0" type="stmt"/>
        <line num="1509" count="0" type="stmt"/>
        <line num="1510" count="0" type="stmt"/>
        <line num="1513" count="0" type="stmt"/>
        <line num="1514" count="0" type="stmt"/>
        <line num="1515" count="0" type="stmt"/>
        <line num="1519" count="0" type="stmt"/>
        <line num="1520" count="0" type="stmt"/>
        <line num="1521" count="0" type="stmt"/>
        <line num="1522" count="0" type="stmt"/>
        <line num="1524" count="0" type="stmt"/>
        <line num="1525" count="0" type="stmt"/>
        <line num="1526" count="0" type="cond" truecount="0" falsecount="2"/>
        <line num="1527" count="0" type="stmt"/>
        <line num="1528" count="0" type="stmt"/>
        <line num="1529" count="0" type="stmt"/>
        <line num="1533" count="0" type="cond" truecount="0" falsecount="2"/>
        <line num="1534" count="0" type="stmt"/>
        <line num="1536" count="0" type="stmt"/>
        <line num="1540" count="0" type="stmt"/>
        <line num="1541" count="0" type="stmt"/>
        <line num="1542" count="0" type="stmt"/>
        <line num="1543" count="0" type="stmt"/>
        <line num="1544" count="0" type="stmt"/>
        <line num="1549" count="0" type="stmt"/>
        <line num="1553" count="0" type="stmt"/>
        <line num="1554" count="0" type="stmt"/>
        <line num="1558" count="2" type="stmt"/>
        <line num="1561" count="0" type="stmt"/>
        <line num="1562" count="0" type="stmt"/>
        <line num="1563" count="0" type="stmt"/>
        <line num="1564" count="0" type="stmt"/>
        <line num="1568" count="0" type="stmt"/>
        <line num="1570" count="0" type="stmt"/>
        <line num="1571" count="0" type="stmt"/>
        <line num="1574" count="0" type="stmt"/>
        <line num="1579" count="0" type="cond" truecount="0" falsecount="2"/>
        <line num="1580" count="0" type="stmt"/>
        <line num="1582" count="0" type="stmt"/>
        <line num="1584" count="0" type="cond" truecount="0" falsecount="4"/>
        <line num="1585" count="0" type="stmt"/>
        <line num="1586" count="0" type="stmt"/>
        <line num="1589" count="0" type="stmt"/>
        <line num="1591" count="0" type="stmt"/>
        <line num="1592" count="0" type="stmt"/>
        <line num="1599" count="0" type="stmt"/>
        <line num="1603" count="0" type="cond" truecount="0" falsecount="2"/>
        <line num="1604" count="0" type="stmt"/>
        <line num="1605" count="0" type="stmt"/>
        <line num="1608" count="0" type="stmt"/>
        <line num="1609" count="0" type="stmt"/>
        <line num="1611" count="0" type="stmt"/>
        <line num="1612" count="0" type="cond" truecount="0" falsecount="2"/>
        <line num="1613" count="0" type="stmt"/>
        <line num="1614" count="0" type="stmt"/>
        <line num="1617" count="0" type="stmt"/>
        <line num="1624" count="0" type="stmt"/>
        <line num="1627" count="0" type="stmt"/>
        <line num="1633" count="0" type="stmt"/>
        <line num="1634" count="0" type="stmt"/>
        <line num="1641" count="0" type="stmt"/>
        <line num="1645" count="0" type="stmt"/>
      </file>
    </package>
    <package name="shared">
      <metrics statements="90" coveredstatements="90" conditionals="0" coveredconditionals="0" methods="31" coveredmethods="31"/>
      <file name="schema.ts" path="/home/runner/workspace/shared/schema.ts">
        <metrics statements="90" coveredstatements="90" conditionals="0" coveredconditionals="0" methods="31" coveredmethods="31"/>
        <line num="9" count="29" type="stmt"/>
        <line num="13" count="29" type="stmt"/>
        <line num="27" count="29" type="stmt"/>
        <line num="30" count="29" type="stmt"/>
        <line num="40" count="29" type="stmt"/>
        <line num="46" count="29" type="stmt"/>
        <line num="49" count="29" type="stmt"/>
        <line num="67" count="29" type="stmt"/>
        <line num="80" count="29" type="stmt"/>
        <line num="86" count="29" type="stmt"/>
        <line num="96" count="29" type="stmt"/>
        <line num="102" count="29" type="stmt"/>
        <line num="108" count="29" type="stmt"/>
        <line num="113" count="29" type="stmt"/>
        <line num="116" count="29" type="stmt"/>
        <line num="127" count="29" type="stmt"/>
        <line num="132" count="29" type="stmt"/>
        <line num="138" count="29" type="stmt"/>
        <line num="143" count="29" type="stmt"/>
        <line num="153" count="29" type="stmt"/>
        <line num="163" count="29" type="stmt"/>
        <line num="169" count="29" type="stmt"/>
        <line num="183" count="29" type="stmt"/>
        <line num="194" count="29" type="stmt"/>
        <line num="204" count="29" type="stmt"/>
        <line num="210" count="29" type="stmt"/>
        <line num="214" count="29" type="stmt"/>
        <line num="217" count="29" type="stmt"/>
        <line num="230" count="29" type="stmt"/>
        <line num="240" count="29" type="stmt"/>
        <line num="245" count="29" type="stmt"/>
        <line num="249" count="29" type="stmt"/>
        <line num="258" count="29" type="stmt"/>
        <line num="267" count="29" type="stmt"/>
        <line num="276" count="29" type="stmt"/>
        <line num="285" count="29" type="stmt"/>
        <line num="290" count="29" type="stmt"/>
        <line num="294" count="29" type="stmt"/>
        <line num="303" count="29" type="stmt"/>
        <line num="310" count="29" type="stmt"/>
        <line num="315" count="29" type="stmt"/>
        <line num="320" count="29" type="stmt"/>
        <line num="323" count="29" type="stmt"/>
        <line num="337" count="29" type="stmt"/>
        <line num="347" count="29" type="stmt"/>
        <line num="351" count="29" type="stmt"/>
        <line num="368" count="29" type="stmt"/>
        <line num="375" count="29" type="stmt"/>
        <line num="379" count="29" type="stmt"/>
        <line num="392" count="29" type="stmt"/>
        <line num="399" count="29" type="stmt"/>
        <line num="410" count="29" type="stmt"/>
        <line num="416" count="29" type="stmt"/>
        <line num="427" count="29" type="stmt"/>
        <line num="438" count="29" type="stmt"/>
        <line num="443" count="29" type="stmt"/>
        <line num="450" count="29" type="stmt"/>
        <line num="454" count="29" type="stmt"/>
        <line num="462" count="29" type="stmt"/>
        <line num="474" count="29" type="stmt"/>
        <line num="481" count="29" type="stmt"/>
        <line num="492" count="29" type="stmt"/>
        <line num="503" count="29" type="stmt"/>
        <line num="508" count="29" type="stmt"/>
        <line num="512" count="29" type="stmt"/>
        <line num="524" count="29" type="stmt"/>
        <line num="531" count="29" type="stmt"/>
        <line num="532" count="29" type="stmt"/>
        <line num="535" count="29" type="stmt"/>
        <line num="536" count="29" type="stmt"/>
        <line num="537" count="29" type="stmt"/>
        <line num="538" count="29" type="stmt"/>
        <line num="539" count="29" type="stmt"/>
        <line num="540" count="29" type="stmt"/>
        <line num="541" count="29" type="stmt"/>
        <line num="542" count="29" type="stmt"/>
        <line num="543" count="29" type="stmt"/>
        <line num="544" count="29" type="stmt"/>
        <line num="545" count="29" type="stmt"/>
        <line num="546" count="29" type="stmt"/>
        <line num="547" count="29" type="stmt"/>
        <line num="548" count="29" type="stmt"/>
        <line num="549" count="29" type="stmt"/>
        <line num="550" count="29" type="stmt"/>
        <line num="551" count="29" type="stmt"/>
        <line num="552" count="29" type="stmt"/>
        <line num="553" count="29" type="stmt"/>
        <line num="554" count="29" type="stmt"/>
        <line num="555" count="29" type="stmt"/>
        <line num="556" count="29" type="stmt"/>
      </file>
    </package>
    <package name="shared.models">
      <metrics statements="5" coveredstatements="5" conditionals="0" coveredconditionals="0" methods="1" coveredmethods="1"/>
      <file name="auth.ts" path="/home/runner/workspace/shared/models/auth.ts">
        <metrics statements="5" coveredstatements="5" conditionals="0" coveredconditionals="0" methods="1" coveredmethods="1"/>
        <line num="7" count="29" type="stmt"/>
        <line num="14" count="29" type="stmt"/>
        <line num="18" count="29" type="stmt"/>
        <line num="30" count="29" type="stmt"/>
        <line num="40" count="29" type="stmt"/>
      </file>
    </package>
  </project>
</coverage>
