{"/home/runner/workspace/server/buzzkillBoards.ts": {"path":"/home/runner/workspace/server/buzzkillBoards.ts","statementMap":{"0":{"start":{"line":43,"column":13},"end":{"line":43,"column":null}},"1":{"start":{"line":44,"column":2},"end":{"line":44,"column":null}},"2":{"start":{"line":44,"column":21},"end":{"line":44,"column":null}},"3":{"start":{"line":46,"column":25},"end":{"line":46,"column":null}},"4":{"start":{"line":47,"column":20},"end":{"line":47,"column":null}},"5":{"start":{"line":47,"column":62},"end":{"line":47,"column":70}},"6":{"start":{"line":48,"column":2},"end":{"line":48,"column":null}},"7":{"start":{"line":48,"column":35},"end":{"line":48,"column":51}},"8":{"start":{"line":55,"column":37},"end":{"line":55,"column":null}},"9":{"start":{"line":57,"column":18},"end":{"line":57,"column":null}},"10":{"start":{"line":58,"column":2},"end":{"line":64,"column":null}},"11":{"start":{"line":59,"column":4},"end":{"line":63,"column":null}},"12":{"start":{"line":67,"column":20},"end":{"line":67,"column":null}},"13":{"start":{"line":68,"column":25},"end":{"line":68,"column":null}},"14":{"start":{"line":68,"column":47},"end":{"line":68,"column":95}},"15":{"start":{"line":68,"column":106},"end":{"line":68,"column":110}},"16":{"start":{"line":71,"column":27},"end":{"line":73,"column":null}},"17":{"start":{"line":72,"column":28},"end":{"line":72,"column":89}},"18":{"start":{"line":72,"column":100},"end":{"line":72,"column":104}},"19":{"start":{"line":73,"column":28},"end":{"line":73,"column":100}},"20":{"start":{"line":73,"column":111},"end":{"line":73,"column":115}},"21":{"start":{"line":76,"column":37},"end":{"line":76,"column":null}},"22":{"start":{"line":77,"column":26},"end":{"line":77,"column":null}},"23":{"start":{"line":78,"column":30},"end":{"line":78,"column":null}},"24":{"start":{"line":81,"column":24},"end":{"line":81,"column":null}},"25":{"start":{"line":82,"column":26},"end":{"line":82,"column":null}},"26":{"start":{"line":85,"column":2},"end":{"line":100,"column":null}},"27":{"start":{"line":86,"column":4},"end":{"line":99,"column":null}},"28":{"start":{"line":87,"column":24},"end":{"line":87,"column":null}},"29":{"start":{"line":88,"column":6},"end":{"line":98,"column":null}},"30":{"start":{"line":89,"column":8},"end":{"line":89,"column":null}},"31":{"start":{"line":89,"column":48},"end":{"line":89,"column":null}},"32":{"start":{"line":90,"column":25},"end":{"line":90,"column":null}},"33":{"start":{"line":91,"column":8},"end":{"line":91,"column":null}},"34":{"start":{"line":91,"column":45},"end":{"line":91,"column":null}},"35":{"start":{"line":93,"column":8},"end":{"line":97,"column":null}},"36":{"start":{"line":94,"column":10},"end":{"line":94,"column":null}},"37":{"start":{"line":95,"column":10},"end":{"line":95,"column":null}},"38":{"start":{"line":96,"column":10},"end":{"line":96,"column":null}},"39":{"start":{"line":103,"column":2},"end":{"line":118,"column":null}},"40":{"start":{"line":104,"column":4},"end":{"line":117,"column":null}},"41":{"start":{"line":105,"column":24},"end":{"line":105,"column":null}},"42":{"start":{"line":106,"column":6},"end":{"line":116,"column":null}},"43":{"start":{"line":107,"column":8},"end":{"line":107,"column":null}},"44":{"start":{"line":107,"column":48},"end":{"line":107,"column":null}},"45":{"start":{"line":108,"column":25},"end":{"line":108,"column":null}},"46":{"start":{"line":109,"column":8},"end":{"line":109,"column":null}},"47":{"start":{"line":109,"column":45},"end":{"line":109,"column":null}},"48":{"start":{"line":111,"column":8},"end":{"line":115,"column":null}},"49":{"start":{"line":112,"column":10},"end":{"line":112,"column":null}},"50":{"start":{"line":113,"column":10},"end":{"line":113,"column":null}},"51":{"start":{"line":120,"column":51},"end":{"line":124,"column":null}},"52":{"start":{"line":126,"column":2},"end":{"line":132,"column":null}},"53":{"start":{"line":127,"column":4},"end":{"line":131,"column":null}},"54":{"start":{"line":134,"column":27},"end":{"line":134,"column":null}},"55":{"start":{"line":135,"column":23},"end":{"line":135,"column":null}},"56":{"start":{"line":135,"column":45},"end":{"line":135,"column":null}},"57":{"start":{"line":135,"column":65},"end":{"line":135,"column":84}},"58":{"start":{"line":140,"column":35},"end":{"line":140,"column":null}},"59":{"start":{"line":141,"column":33},"end":{"line":141,"column":null}},"60":{"start":{"line":142,"column":49},"end":{"line":142,"column":null}},"61":{"start":{"line":144,"column":2},"end":{"line":157,"column":null}},"62":{"start":{"line":145,"column":4},"end":{"line":156,"column":null}},"63":{"start":{"line":147,"column":6},"end":{"line":147,"column":null}},"64":{"start":{"line":150,"column":6},"end":{"line":150,"column":null}},"65":{"start":{"line":151,"column":20},"end":{"line":151,"column":null}},"66":{"start":{"line":152,"column":6},"end":{"line":154,"column":null}},"67":{"start":{"line":153,"column":8},"end":{"line":153,"column":null}},"68":{"start":{"line":155,"column":6},"end":{"line":155,"column":null}},"69":{"start":{"line":160,"column":25},"end":{"line":160,"column":null}},"70":{"start":{"line":160,"column":52},"end":{"line":160,"column":85}},"71":{"start":{"line":161,"column":17},"end":{"line":161,"column":null}},"72":{"start":{"line":163,"column":2},"end":{"line":166,"column":null}},"73":{"start":{"line":164,"column":4},"end":{"line":164,"column":null}},"74":{"start":{"line":165,"column":4},"end":{"line":165,"column":null}},"75":{"start":{"line":168,"column":41},"end":{"line":168,"column":null}},"76":{"start":{"line":169,"column":22},"end":{"line":169,"column":null}},"77":{"start":{"line":173,"column":28},"end":{"line":175,"column":null}},"78":{"start":{"line":174,"column":29},"end":{"line":174,"column":62}},"79":{"start":{"line":177,"column":2},"end":{"line":181,"column":null}},"80":{"start":{"line":178,"column":4},"end":{"line":178,"column":null}},"81":{"start":{"line":178,"column":40},"end":{"line":178,"column":null}},"82":{"start":{"line":179,"column":4},"end":{"line":179,"column":null}},"83":{"start":{"line":180,"column":4},"end":{"line":180,"column":null}},"84":{"start":{"line":184,"column":25},"end":{"line":184,"column":null}},"85":{"start":{"line":188,"column":2},"end":{"line":247,"column":null}},"86":{"start":{"line":189,"column":60},"end":{"line":189,"column":null}},"87":{"start":{"line":192,"column":25},"end":{"line":192,"column":null}},"88":{"start":{"line":193,"column":4},"end":{"line":201,"column":null}},"89":{"start":{"line":194,"column":28},"end":{"line":194,"column":null}},"90":{"start":{"line":195,"column":24},"end":{"line":197,"column":null}},"91":{"start":{"line":196,"column":25},"end":{"line":196,"column":null}},"92":{"start":{"line":198,"column":6},"end":{"line":200,"column":null}},"93":{"start":{"line":199,"column":8},"end":{"line":199,"column":null}},"94":{"start":{"line":204,"column":26},"end":{"line":204,"column":null}},"95":{"start":{"line":207,"column":4},"end":{"line":246,"column":null}},"96":{"start":{"line":209,"column":28},"end":{"line":209,"column":null}},"97":{"start":{"line":210,"column":6},"end":{"line":210,"column":null}},"98":{"start":{"line":210,"column":38},"end":{"line":210,"column":null}},"99":{"start":{"line":212,"column":27},"end":{"line":212,"column":null}},"100":{"start":{"line":214,"column":6},"end":{"line":236,"column":null}},"101":{"start":{"line":215,"column":8},"end":{"line":215,"column":null}},"102":{"start":{"line":215,"column":44},"end":{"line":215,"column":null}},"103":{"start":{"line":218,"column":33},"end":{"line":218,"column":null}},"104":{"start":{"line":218,"column":57},"end":{"line":218,"column":95}},"105":{"start":{"line":219,"column":8},"end":{"line":221,"column":null}},"106":{"start":{"line":220,"column":10},"end":{"line":220,"column":null}},"107":{"start":{"line":223,"column":26},"end":{"line":223,"column":null}},"108":{"start":{"line":224,"column":8},"end":{"line":235,"column":null}},"109":{"start":{"line":225,"column":22},"end":{"line":225,"column":null}},"110":{"start":{"line":226,"column":10},"end":{"line":226,"column":null}},"111":{"start":{"line":227,"column":10},"end":{"line":227,"column":null}},"112":{"start":{"line":228,"column":10},"end":{"line":228,"column":null}},"113":{"start":{"line":229,"column":10},"end":{"line":229,"column":null}},"114":{"start":{"line":232,"column":10},"end":{"line":234,"column":null}},"115":{"start":{"line":233,"column":12},"end":{"line":233,"column":null}},"116":{"start":{"line":239,"column":37},"end":{"line":239,"column":null}},"117":{"start":{"line":239,"column":62},"end":{"line":239,"column":84}},"118":{"start":{"line":240,"column":6},"end":{"line":242,"column":null}},"119":{"start":{"line":241,"column":8},"end":{"line":241,"column":null}},"120":{"start":{"line":245,"column":6},"end":{"line":245,"column":null}},"121":{"start":{"line":245,"column":27},"end":{"line":245,"column":null}},"122":{"start":{"line":252,"column":2},"end":{"line":256,"column":null}},"123":{"start":{"line":253,"column":4},"end":{"line":255,"column":null}},"124":{"start":{"line":254,"column":6},"end":{"line":254,"column":null}},"125":{"start":{"line":258,"column":2},"end":{"line":258,"column":null}},"126":{"start":{"line":260,"column":2},"end":{"line":266,"column":null}},"127":{"start":{"line":270,"column":16},"end":{"line":270,"column":null}},"128":{"start":{"line":271,"column":2},"end":{"line":271,"column":null}},"129":{"start":{"line":279,"column":34},"end":{"line":279,"column":null}},"130":{"start":{"line":284,"column":7},"end":{"line":284,"column":null}},"131":{"start":{"line":286,"column":18},"end":{"line":286,"column":null}},"132":{"start":{"line":287,"column":2},"end":{"line":296,"column":null}},"133":{"start":{"line":288,"column":4},"end":{"line":295,"column":null}},"134":{"start":{"line":289,"column":28},"end":{"line":289,"column":null}},"135":{"start":{"line":290,"column":6},"end":{"line":294,"column":null}},"136":{"start":{"line":298,"column":2},"end":{"line":298,"column":null}},"137":{"start":{"line":305,"column":19},"end":{"line":305,"column":null}},"138":{"start":{"line":306,"column":2},"end":{"line":306,"column":null}},"139":{"start":{"line":306,"column":17},"end":{"line":306,"column":null}},"140":{"start":{"line":308,"column":24},"end":{"line":308,"column":null}},"141":{"start":{"line":309,"column":2},"end":{"line":309,"column":null}},"142":{"start":{"line":309,"column":22},"end":{"line":309,"column":null}},"143":{"start":{"line":311,"column":20},"end":{"line":311,"column":null}},"144":{"start":{"line":313,"column":2},"end":{"line":323,"column":null}},"145":{"start":{"line":316,"column":35},"end":{"line":322,"column":6}},"146":{"start":{"line":332,"column":18},"end":{"line":332,"column":null}},"147":{"start":{"line":333,"column":34},"end":{"line":333,"column":null}},"148":{"start":{"line":335,"column":28},"end":{"line":335,"column":null}},"149":{"start":{"line":337,"column":30},"end":{"line":337,"column":null}},"150":{"start":{"line":338,"column":91},"end":{"line":338,"column":null}},"151":{"start":{"line":340,"column":18},"end":{"line":340,"column":null}},"152":{"start":{"line":341,"column":2},"end":{"line":352,"column":null}},"153":{"start":{"line":342,"column":25},"end":{"line":342,"column":null}},"154":{"start":{"line":343,"column":26},"end":{"line":343,"column":null}},"155":{"start":{"line":343,"column":71},"end":{"line":343,"column":103}},"156":{"start":{"line":345,"column":4},"end":{"line":349,"column":null}},"157":{"start":{"line":351,"column":4},"end":{"line":351,"column":null}},"158":{"start":{"line":354,"column":2},"end":{"line":359,"column":null}},"159":{"start":{"line":363,"column":19},"end":{"line":363,"column":null}},"160":{"start":{"line":364,"column":2},"end":{"line":367,"column":null}},"161":{"start":{"line":364,"column":15},"end":{"line":364,"column":36}},"162":{"start":{"line":365,"column":14},"end":{"line":365,"column":null}},"163":{"start":{"line":366,"column":4},"end":{"line":366,"column":null}},"164":{"start":{"line":368,"column":2},"end":{"line":368,"column":null}}},"fnMap":{"0":{"name":"isCategoryLive","decl":{"start":{"line":42,"column":15},"end":{"line":42,"column":30}},"loc":{"start":{"line":42,"column":68},"end":{"line":49,"column":null}},"line":42},"1":{"name":"(anonymous_1)","decl":{"start":{"line":47,"column":35},"end":{"line":47,"column":36}},"loc":{"start":{"line":47,"column":62},"end":{"line":47,"column":70}},"line":47},"2":{"name":"(anonymous_2)","decl":{"start":{"line":48,"column":30},"end":{"line":48,"column":35}},"loc":{"start":{"line":48,"column":35},"end":{"line":48,"column":51}},"line":48},"3":{"name":"generateDynamicBoard","decl":{"start":{"line":51,"column":22},"end":{"line":51,"column":null}},"loc":{"start":{"line":54,"column":31},"end":{"line":267,"column":null}},"line":54},"4":{"name":"(anonymous_4)","decl":{"start":{"line":68,"column":42},"end":{"line":68,"column":47}},"loc":{"start":{"line":68,"column":47},"end":{"line":68,"column":95}},"line":68},"5":{"name":"(anonymous_5)","decl":{"start":{"line":68,"column":101},"end":{"line":68,"column":106}},"loc":{"start":{"line":68,"column":106},"end":{"line":68,"column":110}},"line":68},"6":{"name":"(anonymous_6)","decl":{"start":{"line":72,"column":23},"end":{"line":72,"column":28}},"loc":{"start":{"line":72,"column":28},"end":{"line":72,"column":89}},"line":72},"7":{"name":"(anonymous_7)","decl":{"start":{"line":72,"column":95},"end":{"line":72,"column":100}},"loc":{"start":{"line":72,"column":100},"end":{"line":72,"column":104}},"line":72},"8":{"name":"(anonymous_8)","decl":{"start":{"line":73,"column":23},"end":{"line":73,"column":28}},"loc":{"start":{"line":73,"column":28},"end":{"line":73,"column":100}},"line":73},"9":{"name":"(anonymous_9)","decl":{"start":{"line":73,"column":106},"end":{"line":73,"column":111}},"loc":{"start":{"line":73,"column":111},"end":{"line":73,"column":115}},"line":73},"10":{"name":"(anonymous_10)","decl":{"start":{"line":135,"column":23},"end":{"line":135,"column":27}},"loc":{"start":{"line":135,"column":45},"end":{"line":135,"column":null}},"line":135},"11":{"name":"(anonymous_11)","decl":{"start":{"line":135,"column":59},"end":{"line":135,"column":65}},"loc":{"start":{"line":135,"column":65},"end":{"line":135,"column":84}},"line":135},"12":{"name":"(anonymous_12)","decl":{"start":{"line":160,"column":47},"end":{"line":160,"column":52}},"loc":{"start":{"line":160,"column":52},"end":{"line":160,"column":85}},"line":160},"13":{"name":"(anonymous_13)","decl":{"start":{"line":174,"column":24},"end":{"line":174,"column":29}},"loc":{"start":{"line":174,"column":29},"end":{"line":174,"column":62}},"line":174},"14":{"name":"(anonymous_14)","decl":{"start":{"line":196,"column":8},"end":{"line":196,"column":9}},"loc":{"start":{"line":196,"column":25},"end":{"line":196,"column":null}},"line":196},"15":{"name":"(anonymous_15)","decl":{"start":{"line":218,"column":52},"end":{"line":218,"column":57}},"loc":{"start":{"line":218,"column":57},"end":{"line":218,"column":95}},"line":218},"16":{"name":"(anonymous_16)","decl":{"start":{"line":239,"column":57},"end":{"line":239,"column":62}},"loc":{"start":{"line":239,"column":62},"end":{"line":239,"column":84}},"line":239},"17":{"name":"getContentStats","decl":{"start":{"line":269,"column":22},"end":{"line":269,"column":63}},"loc":{"start":{"line":269,"column":63},"end":{"line":272,"column":null}},"line":269},"18":{"name":"getActiveCategoriesForTenant","decl":{"start":{"line":274,"column":22},"end":{"line":274,"column":null}},"loc":{"start":{"line":278,"column":4},"end":{"line":299,"column":null}},"line":278},"19":{"name":"getCategoryWithQuestionsForBoard","decl":{"start":{"line":301,"column":22},"end":{"line":301,"column":null}},"loc":{"start":{"line":304,"column":38},"end":{"line":324,"column":null}},"line":304},"20":{"name":"(anonymous_20)","decl":{"start":{"line":316,"column":29},"end":{"line":316,"column":35}},"loc":{"start":{"line":316,"column":35},"end":{"line":322,"column":6}},"line":316},"21":{"name":"getPlayedCategoryStatus","decl":{"start":{"line":326,"column":22},"end":{"line":326,"column":46}},"loc":{"start":{"line":331,"column":3},"end":{"line":360,"column":null}},"line":331},"22":{"name":"(anonymous_22)","decl":{"start":{"line":343,"column":54},"end":{"line":343,"column":55}},"loc":{"start":{"line":343,"column":71},"end":{"line":343,"column":103}},"line":343},"23":{"name":"shuffleArray","decl":{"start":{"line":362,"column":9},"end":{"line":362,"column":25}},"loc":{"start":{"line":362,"column":42},"end":{"line":369,"column":null}},"line":362}},"branchMap":{"0":{"loc":{"start":{"line":44,"column":2},"end":{"line":44,"column":null}},"type":"if","locations":[{"start":{"line":44,"column":2},"end":{"line":44,"column":null}},{"start":{},"end":{}}],"line":44},"1":{"loc":{"start":{"line":53,"column":2},"end":{"line":53,"column":null}},"type":"default-arg","locations":[{"start":{"line":53,"column":28},"end":{"line":53,"column":null}}],"line":53},"2":{"loc":{"start":{"line":58,"column":2},"end":{"line":64,"column":null}},"type":"if","locations":[{"start":{"line":58,"column":2},"end":{"line":64,"column":null}},{"start":{},"end":{}}],"line":58},"3":{"loc":{"start":{"line":68,"column":47},"end":{"line":68,"column":95}},"type":"binary-expr","locations":[{"start":{"line":68,"column":47},"end":{"line":68,"column":61}},{"start":{"line":68,"column":61},"end":{"line":68,"column":95}}],"line":68},"4":{"loc":{"start":{"line":71,"column":27},"end":{"line":73,"column":null}},"type":"cond-expr","locations":[{"start":{"line":72,"column":6},"end":{"line":72,"column":null}},{"start":{"line":73,"column":6},"end":{"line":73,"column":null}}],"line":71},"5":{"loc":{"start":{"line":72,"column":28},"end":{"line":72,"column":89}},"type":"binary-expr","locations":[{"start":{"line":72,"column":28},"end":{"line":72,"column":43}},{"start":{"line":72,"column":43},"end":{"line":72,"column":55}},{"start":{"line":72,"column":55},"end":{"line":72,"column":89}}],"line":72},"6":{"loc":{"start":{"line":73,"column":28},"end":{"line":73,"column":100}},"type":"binary-expr","locations":[{"start":{"line":73,"column":28},"end":{"line":73,"column":51}},{"start":{"line":73,"column":51},"end":{"line":73,"column":66}},{"start":{"line":73,"column":66},"end":{"line":73,"column":100}}],"line":73},"7":{"loc":{"start":{"line":81,"column":24},"end":{"line":81,"column":null}},"type":"binary-expr","locations":[{"start":{"line":81,"column":24},"end":{"line":81,"column":46}},{"start":{"line":81,"column":46},"end":{"line":81,"column":null}}],"line":81},"8":{"loc":{"start":{"line":82,"column":26},"end":{"line":82,"column":null}},"type":"binary-expr","locations":[{"start":{"line":82,"column":26},"end":{"line":82,"column":49}},{"start":{"line":82,"column":49},"end":{"line":82,"column":null}}],"line":82},"9":{"loc":{"start":{"line":85,"column":2},"end":{"line":100,"column":null}},"type":"if","locations":[{"start":{"line":85,"column":2},"end":{"line":100,"column":null}},{"start":{},"end":{}}],"line":85},"10":{"loc":{"start":{"line":89,"column":8},"end":{"line":89,"column":null}},"type":"if","locations":[{"start":{"line":89,"column":8},"end":{"line":89,"column":null}},{"start":{},"end":{}}],"line":89},"11":{"loc":{"start":{"line":91,"column":8},"end":{"line":91,"column":null}},"type":"if","locations":[{"start":{"line":91,"column":8},"end":{"line":91,"column":null}},{"start":{},"end":{}}],"line":91},"12":{"loc":{"start":{"line":91,"column":12},"end":{"line":91,"column":45}},"type":"binary-expr","locations":[{"start":{"line":91,"column":12},"end":{"line":91,"column":25}},{"start":{"line":91,"column":25},"end":{"line":91,"column":45}}],"line":91},"13":{"loc":{"start":{"line":93,"column":8},"end":{"line":97,"column":null}},"type":"if","locations":[{"start":{"line":93,"column":8},"end":{"line":97,"column":null}},{"start":{},"end":{}}],"line":93},"14":{"loc":{"start":{"line":103,"column":2},"end":{"line":118,"column":null}},"type":"if","locations":[{"start":{"line":103,"column":2},"end":{"line":118,"column":null}},{"start":{},"end":{}}],"line":103},"15":{"loc":{"start":{"line":107,"column":8},"end":{"line":107,"column":null}},"type":"if","locations":[{"start":{"line":107,"column":8},"end":{"line":107,"column":null}},{"start":{},"end":{}}],"line":107},"16":{"loc":{"start":{"line":109,"column":8},"end":{"line":109,"column":null}},"type":"if","locations":[{"start":{"line":109,"column":8},"end":{"line":109,"column":null}},{"start":{},"end":{}}],"line":109},"17":{"loc":{"start":{"line":109,"column":12},"end":{"line":109,"column":45}},"type":"binary-expr","locations":[{"start":{"line":109,"column":12},"end":{"line":109,"column":25}},{"start":{"line":109,"column":25},"end":{"line":109,"column":45}}],"line":109},"18":{"loc":{"start":{"line":111,"column":8},"end":{"line":115,"column":null}},"type":"if","locations":[{"start":{"line":111,"column":8},"end":{"line":115,"column":null}},{"start":{},"end":{}}],"line":111},"19":{"loc":{"start":{"line":126,"column":2},"end":{"line":132,"column":null}},"type":"if","locations":[{"start":{"line":126,"column":2},"end":{"line":132,"column":null}},{"start":{},"end":{}}],"line":126},"20":{"loc":{"start":{"line":134,"column":27},"end":{"line":134,"column":null}},"type":"binary-expr","locations":[{"start":{"line":134,"column":27},"end":{"line":134,"column":69}},{"start":{"line":134,"column":69},"end":{"line":134,"column":null}}],"line":134},"21":{"loc":{"start":{"line":145,"column":4},"end":{"line":156,"column":null}},"type":"if","locations":[{"start":{"line":145,"column":4},"end":{"line":156,"column":null}},{"start":{"line":148,"column":11},"end":{"line":156,"column":null}}],"line":145},"22":{"loc":{"start":{"line":151,"column":20},"end":{"line":151,"column":null}},"type":"binary-expr","locations":[{"start":{"line":151,"column":20},"end":{"line":151,"column":39}},{"start":{"line":151,"column":39},"end":{"line":151,"column":null}}],"line":151},"23":{"loc":{"start":{"line":152,"column":6},"end":{"line":154,"column":null}},"type":"if","locations":[{"start":{"line":152,"column":6},"end":{"line":154,"column":null}},{"start":{},"end":{}}],"line":152},"24":{"loc":{"start":{"line":163,"column":2},"end":{"line":166,"column":null}},"type":"if","locations":[{"start":{"line":163,"column":2},"end":{"line":166,"column":null}},{"start":{},"end":{}}],"line":163},"25":{"loc":{"start":{"line":178,"column":4},"end":{"line":178,"column":null}},"type":"if","locations":[{"start":{"line":178,"column":4},"end":{"line":178,"column":null}},{"start":{},"end":{}}],"line":178},"26":{"loc":{"start":{"line":188,"column":2},"end":{"line":247,"column":null}},"type":"if","locations":[{"start":{"line":188,"column":2},"end":{"line":247,"column":null}},{"start":{},"end":{}}],"line":188},"27":{"loc":{"start":{"line":196,"column":25},"end":{"line":196,"column":null}},"type":"binary-expr","locations":[{"start":{"line":196,"column":25},"end":{"line":196,"column":62}},{"start":{"line":196,"column":62},"end":{"line":196,"column":null}}],"line":196},"28":{"loc":{"start":{"line":198,"column":6},"end":{"line":200,"column":null}},"type":"if","locations":[{"start":{"line":198,"column":6},"end":{"line":200,"column":null}},{"start":{},"end":{}}],"line":198},"29":{"loc":{"start":{"line":207,"column":11},"end":{"line":207,"column":77}},"type":"binary-expr","locations":[{"start":{"line":207,"column":11},"end":{"line":207,"column":44}},{"start":{"line":207,"column":44},"end":{"line":207,"column":77}}],"line":207},"30":{"loc":{"start":{"line":210,"column":6},"end":{"line":210,"column":null}},"type":"if","locations":[{"start":{"line":210,"column":6},"end":{"line":210,"column":null}},{"start":{},"end":{}}],"line":210},"31":{"loc":{"start":{"line":215,"column":8},"end":{"line":215,"column":null}},"type":"if","locations":[{"start":{"line":215,"column":8},"end":{"line":215,"column":null}},{"start":{},"end":{}}],"line":215},"32":{"loc":{"start":{"line":218,"column":57},"end":{"line":218,"column":95}},"type":"binary-expr","locations":[{"start":{"line":218,"column":57},"end":{"line":218,"column":72}},{"start":{"line":218,"column":72},"end":{"line":218,"column":95}}],"line":218},"33":{"loc":{"start":{"line":219,"column":8},"end":{"line":221,"column":null}},"type":"if","locations":[{"start":{"line":219,"column":8},"end":{"line":221,"column":null}},{"start":{},"end":{}}],"line":219},"34":{"loc":{"start":{"line":219,"column":12},"end":{"line":219,"column":60}},"type":"binary-expr","locations":[{"start":{"line":219,"column":12},"end":{"line":219,"column":42}},{"start":{"line":219,"column":42},"end":{"line":219,"column":60}}],"line":219},"35":{"loc":{"start":{"line":224,"column":8},"end":{"line":235,"column":null}},"type":"if","locations":[{"start":{"line":224,"column":8},"end":{"line":235,"column":null}},{"start":{},"end":{}}],"line":224},"36":{"loc":{"start":{"line":224,"column":12},"end":{"line":224,"column":47}},"type":"binary-expr","locations":[{"start":{"line":224,"column":12},"end":{"line":224,"column":25}},{"start":{"line":224,"column":25},"end":{"line":224,"column":47}}],"line":224},"37":{"loc":{"start":{"line":232,"column":10},"end":{"line":234,"column":null}},"type":"if","locations":[{"start":{"line":232,"column":10},"end":{"line":234,"column":null}},{"start":{},"end":{}}],"line":232},"38":{"loc":{"start":{"line":240,"column":6},"end":{"line":242,"column":null}},"type":"if","locations":[{"start":{"line":240,"column":6},"end":{"line":242,"column":null}},{"start":{},"end":{}}],"line":240},"39":{"loc":{"start":{"line":245,"column":6},"end":{"line":245,"column":null}},"type":"if","locations":[{"start":{"line":245,"column":6},"end":{"line":245,"column":null}},{"start":{},"end":{}}],"line":245},"40":{"loc":{"start":{"line":253,"column":4},"end":{"line":255,"column":null}},"type":"if","locations":[{"start":{"line":253,"column":4},"end":{"line":255,"column":null}},{"start":{},"end":{}}],"line":253},"41":{"loc":{"start":{"line":263,"column":13},"end":{"line":265,"column":null}},"type":"cond-expr","locations":[{"start":{"line":264,"column":8},"end":{"line":264,"column":null}},{"start":{"line":265,"column":8},"end":{"line":265,"column":null}}],"line":263},"42":{"loc":{"start":{"line":306,"column":2},"end":{"line":306,"column":null}},"type":"if","locations":[{"start":{"line":306,"column":2},"end":{"line":306,"column":null}},{"start":{},"end":{}}],"line":306},"43":{"loc":{"start":{"line":309,"column":2},"end":{"line":309,"column":null}},"type":"if","locations":[{"start":{"line":309,"column":2},"end":{"line":309,"column":null}},{"start":{},"end":{}}],"line":309},"44":{"loc":{"start":{"line":335,"column":28},"end":{"line":335,"column":null}},"type":"cond-expr","locations":[{"start":{"line":335,"column":39},"end":{"line":335,"column":86}},{"start":{"line":335,"column":86},"end":{"line":335,"column":null}}],"line":335},"45":{"loc":{"start":{"line":335,"column":39},"end":{"line":335,"column":86}},"type":"binary-expr","locations":[{"start":{"line":335,"column":39},"end":{"line":335,"column":81}},{"start":{"line":335,"column":81},"end":{"line":335,"column":86}}],"line":335}},"s":{"0":280,"1":280,"2":4,"3":276,"4":276,"5":1380,"6":276,"7":1374,"8":17,"9":17,"10":17,"11":1,"12":16,"13":16,"14":101,"15":100,"16":16,"17":0,"18":0,"19":101,"20":1,"21":17,"22":17,"23":17,"24":17,"25":17,"26":17,"27":1,"28":1,"29":1,"30":3,"31":0,"32":3,"33":3,"34":0,"35":3,"36":3,"37":3,"38":3,"39":16,"40":16,"41":100,"42":100,"43":326,"44":0,"45":326,"46":326,"47":49,"48":277,"49":270,"50":270,"51":16,"52":16,"53":0,"54":16,"55":17,"56":128,"57":389,"58":17,"59":17,"60":17,"61":17,"62":273,"63":3,"64":270,"65":270,"66":270,"67":96,"68":270,"69":16,"70":273,"71":16,"72":16,"73":1,"74":1,"75":16,"76":16,"77":16,"78":3,"79":16,"80":3,"81":0,"82":3,"83":3,"84":16,"85":16,"86":16,"87":16,"88":16,"89":96,"90":96,"91":270,"92":96,"93":96,"94":16,"95":16,"96":16,"97":16,"98":0,"99":16,"100":16,"101":93,"102":16,"103":77,"104":123,"105":77,"106":0,"107":77,"108":77,"109":77,"110":77,"111":77,"112":77,"113":77,"114":77,"115":0,"116":16,"117":36,"118":16,"119":0,"120":16,"121":0,"122":16,"123":80,"124":80,"125":16,"126":16,"127":0,"128":0,"129":0,"130":0,"131":0,"132":0,"133":0,"134":0,"135":0,"136":0,"137":0,"138":0,"139":0,"140":0,"141":0,"142":0,"143":0,"144":0,"145":0,"146":0,"147":0,"148":0,"149":0,"150":0,"151":0,"152":0,"153":0,"154":0,"155":0,"156":0,"157":0,"158":0,"159":0,"160":0,"161":0,"162":0,"163":0,"164":0},"f":{"0":280,"1":1380,"2":1374,"3":17,"4":101,"5":100,"6":0,"7":0,"8":101,"9":1,"10":128,"11":389,"12":273,"13":3,"14":270,"15":123,"16":36,"17":0,"18":0,"19":0,"20":0,"21":0,"22":0,"23":0},"b":{"0":[4,276],"1":[17],"2":[1,16],"3":[101,100],"4":[0,16],"5":[0,0,0],"6":[101,1,1],"7":[17,1],"8":[17,16],"9":[1,16],"10":[0,3],"11":[0,3],"12":[3,3],"13":[3,0],"14":[16,0],"15":[0,326],"16":[49,277],"17":[326,326],"18":[270,7],"19":[0,16],"20":[16,0],"21":[3,270],"22":[270,44],"23":[96,174],"24":[1,15],"25":[0,3],"26":[16,0],"27":[270,268],"28":[96,0],"29":[16,16],"30":[0,16],"31":[16,77],"32":[123,111],"33":[0,77],"34":[77,0],"35":[77,0],"36":[77,77],"37":[0,77],"38":[0,16],"39":[0,16],"40":[80,0],"41":[1,15],"42":[0,0],"43":[0,0],"44":[0,0],"45":[0,0]},"meta":{"lastBranch":46,"lastFunction":24,"lastStatement":165,"seen":{"f:42:15:42:30":0,"s:43:13:43:Infinity":0,"b:44:2:44:Infinity:undefined:undefined:undefined:undefined":0,"s:44:2:44:Infinity":1,"s:44:21:44:Infinity":2,"s:46:25:46:Infinity":3,"s:47:20:47:Infinity":4,"f:47:35:47:36":1,"s:47:62:47:70":5,"s:48:2:48:Infinity":6,"f:48:30:48:35":2,"s:48:35:48:51":7,"f:51:22:51:Infinity":3,"b:53:28:53:Infinity":1,"s:55:37:55:Infinity":8,"s:57:18:57:Infinity":9,"b:58:2:64:Infinity:undefined:undefined:undefined:undefined":2,"s:58:2:64:Infinity":10,"s:59:4:63:Infinity":11,"s:67:20:67:Infinity":12,"s:68:25:68:Infinity":13,"f:68:42:68:47":4,"s:68:47:68:95":14,"b:68:47:68:61:68:61:68:95":3,"f:68:101:68:106":5,"s:68:106:68:110":15,"s:71:27:73:Infinity":16,"b:72:6:72:Infinity:73:6:73:Infinity":4,"f:72:23:72:28":6,"s:72:28:72:89":17,"b:72:28:72:43:72:43:72:55:72:55:72:89":5,"f:72:95:72:100":7,"s:72:100:72:104":18,"f:73:23:73:28":8,"s:73:28:73:100":19,"b:73:28:73:51:73:51:73:66:73:66:73:100":6,"f:73:106:73:111":9,"s:73:111:73:115":20,"s:76:37:76:Infinity":21,"s:77:26:77:Infinity":22,"s:78:30:78:Infinity":23,"s:81:24:81:Infinity":24,"b:81:24:81:46:81:46:81:Infinity":7,"s:82:26:82:Infinity":25,"b:82:26:82:49:82:49:82:Infinity":8,"b:85:2:100:Infinity:undefined:undefined:undefined:undefined":9,"s:85:2:100:Infinity":26,"s:86:4:99:Infinity":27,"s:87:24:87:Infinity":28,"s:88:6:98:Infinity":29,"b:89:8:89:Infinity:undefined:undefined:undefined:undefined":10,"s:89:8:89:Infinity":30,"s:89:48:89:Infinity":31,"s:90:25:90:Infinity":32,"b:91:8:91:Infinity:undefined:undefined:undefined:undefined":11,"s:91:8:91:Infinity":33,"b:91:12:91:25:91:25:91:45":12,"s:91:45:91:Infinity":34,"b:93:8:97:Infinity:undefined:undefined:undefined:undefined":13,"s:93:8:97:Infinity":35,"s:94:10:94:Infinity":36,"s:95:10:95:Infinity":37,"s:96:10:96:Infinity":38,"b:103:2:118:Infinity:undefined:undefined:undefined:undefined":14,"s:103:2:118:Infinity":39,"s:104:4:117:Infinity":40,"s:105:24:105:Infinity":41,"s:106:6:116:Infinity":42,"b:107:8:107:Infinity:undefined:undefined:undefined:undefined":15,"s:107:8:107:Infinity":43,"s:107:48:107:Infinity":44,"s:108:25:108:Infinity":45,"b:109:8:109:Infinity:undefined:undefined:undefined:undefined":16,"s:109:8:109:Infinity":46,"b:109:12:109:25:109:25:109:45":17,"s:109:45:109:Infinity":47,"b:111:8:115:Infinity:undefined:undefined:undefined:undefined":18,"s:111:8:115:Infinity":48,"s:112:10:112:Infinity":49,"s:113:10:113:Infinity":50,"s:120:51:124:Infinity":51,"b:126:2:132:Infinity:undefined:undefined:undefined:undefined":19,"s:126:2:132:Infinity":52,"s:127:4:131:Infinity":53,"s:134:27:134:Infinity":54,"b:134:27:134:69:134:69:134:Infinity":20,"s:135:23:135:Infinity":55,"f:135:23:135:27":10,"s:135:45:135:Infinity":56,"f:135:59:135:65":11,"s:135:65:135:84":57,"s:140:35:140:Infinity":58,"s:141:33:141:Infinity":59,"s:142:49:142:Infinity":60,"s:144:2:157:Infinity":61,"b:145:4:156:Infinity:148:11:156:Infinity":21,"s:145:4:156:Infinity":62,"s:147:6:147:Infinity":63,"s:150:6:150:Infinity":64,"s:151:20:151:Infinity":65,"b:151:20:151:39:151:39:151:Infinity":22,"b:152:6:154:Infinity:undefined:undefined:undefined:undefined":23,"s:152:6:154:Infinity":66,"s:153:8:153:Infinity":67,"s:155:6:155:Infinity":68,"s:160:25:160:Infinity":69,"f:160:47:160:52":12,"s:160:52:160:85":70,"s:161:17:161:Infinity":71,"b:163:2:166:Infinity:undefined:undefined:undefined:undefined":24,"s:163:2:166:Infinity":72,"s:164:4:164:Infinity":73,"s:165:4:165:Infinity":74,"s:168:41:168:Infinity":75,"s:169:22:169:Infinity":76,"s:173:28:175:Infinity":77,"f:174:24:174:29":13,"s:174:29:174:62":78,"s:177:2:181:Infinity":79,"b:178:4:178:Infinity:undefined:undefined:undefined:undefined":25,"s:178:4:178:Infinity":80,"s:178:40:178:Infinity":81,"s:179:4:179:Infinity":82,"s:180:4:180:Infinity":83,"s:184:25:184:Infinity":84,"b:188:2:247:Infinity:undefined:undefined:undefined:undefined":26,"s:188:2:247:Infinity":85,"s:189:60:189:Infinity":86,"s:192:25:192:Infinity":87,"s:193:4:201:Infinity":88,"s:194:28:194:Infinity":89,"s:195:24:197:Infinity":90,"f:196:8:196:9":14,"s:196:25:196:Infinity":91,"b:196:25:196:62:196:62:196:Infinity":27,"b:198:6:200:Infinity:undefined:undefined:undefined:undefined":28,"s:198:6:200:Infinity":92,"s:199:8:199:Infinity":93,"s:204:26:204:Infinity":94,"s:207:4:246:Infinity":95,"b:207:11:207:44:207:44:207:77":29,"s:209:28:209:Infinity":96,"b:210:6:210:Infinity:undefined:undefined:undefined:undefined":30,"s:210:6:210:Infinity":97,"s:210:38:210:Infinity":98,"s:212:27:212:Infinity":99,"s:214:6:236:Infinity":100,"b:215:8:215:Infinity:undefined:undefined:undefined:undefined":31,"s:215:8:215:Infinity":101,"s:215:44:215:Infinity":102,"s:218:33:218:Infinity":103,"f:218:52:218:57":15,"s:218:57:218:95":104,"b:218:57:218:72:218:72:218:95":32,"b:219:8:221:Infinity:undefined:undefined:undefined:undefined":33,"s:219:8:221:Infinity":105,"b:219:12:219:42:219:42:219:60":34,"s:220:10:220:Infinity":106,"s:223:26:223:Infinity":107,"b:224:8:235:Infinity:undefined:undefined:undefined:undefined":35,"s:224:8:235:Infinity":108,"b:224:12:224:25:224:25:224:47":36,"s:225:22:225:Infinity":109,"s:226:10:226:Infinity":110,"s:227:10:227:Infinity":111,"s:228:10:228:Infinity":112,"s:229:10:229:Infinity":113,"b:232:10:234:Infinity:undefined:undefined:undefined:undefined":37,"s:232:10:234:Infinity":114,"s:233:12:233:Infinity":115,"s:239:37:239:Infinity":116,"f:239:57:239:62":16,"s:239:62:239:84":117,"b:240:6:242:Infinity:undefined:undefined:undefined:undefined":38,"s:240:6:242:Infinity":118,"s:241:8:241:Infinity":119,"b:245:6:245:Infinity:undefined:undefined:undefined:undefined":39,"s:245:6:245:Infinity":120,"s:245:27:245:Infinity":121,"s:252:2:256:Infinity":122,"b:253:4:255:Infinity:undefined:undefined:undefined:undefined":40,"s:253:4:255:Infinity":123,"s:254:6:254:Infinity":124,"s:258:2:258:Infinity":125,"s:260:2:266:Infinity":126,"b:264:8:264:Infinity:265:8:265:Infinity":41,"f:269:22:269:63":17,"s:270:16:270:Infinity":127,"s:271:2:271:Infinity":128,"f:274:22:274:Infinity":18,"s:279:34:279:Infinity":129,"s:284:7:284:Infinity":130,"s:286:18:286:Infinity":131,"s:287:2:296:Infinity":132,"s:288:4:295:Infinity":133,"s:289:28:289:Infinity":134,"s:290:6:294:Infinity":135,"s:298:2:298:Infinity":136,"f:301:22:301:Infinity":19,"s:305:19:305:Infinity":137,"b:306:2:306:Infinity:undefined:undefined:undefined:undefined":42,"s:306:2:306:Infinity":138,"s:306:17:306:Infinity":139,"s:308:24:308:Infinity":140,"b:309:2:309:Infinity:undefined:undefined:undefined:undefined":43,"s:309:2:309:Infinity":141,"s:309:22:309:Infinity":142,"s:311:20:311:Infinity":143,"s:313:2:323:Infinity":144,"f:316:29:316:35":20,"s:316:35:322:6":145,"f:326:22:326:46":21,"s:332:18:332:Infinity":146,"s:333:34:333:Infinity":147,"s:335:28:335:Infinity":148,"b:335:39:335:86:335:86:335:Infinity":44,"b:335:39:335:81:335:81:335:86":45,"s:337:30:337:Infinity":149,"s:338:91:338:Infinity":150,"s:340:18:340:Infinity":151,"s:341:2:352:Infinity":152,"s:342:25:342:Infinity":153,"s:343:26:343:Infinity":154,"f:343:54:343:55":22,"s:343:71:343:103":155,"s:345:4:349:Infinity":156,"s:351:4:351:Infinity":157,"s:354:2:359:Infinity":158,"f:362:9:362:25":23,"s:363:19:363:Infinity":159,"s:364:2:367:Infinity":160,"s:364:15:364:36":161,"s:365:14:365:Infinity":162,"s:366:4:366:Infinity":163,"s:368:2:368:Infinity":164}}}
,"/home/runner/workspace/server/db.ts": {"path":"/home/runner/workspace/server/db.ts","statementMap":{"0":{"start":{"line":5,"column":17},"end":{"line":5,"column":null}},"1":{"start":{"line":7,"column":0},"end":{"line":11,"column":null}},"2":{"start":{"line":8,"column":2},"end":{"line":10,"column":null}},"3":{"start":{"line":13,"column":20},"end":{"line":13,"column":null}},"4":{"start":{"line":14,"column":13},"end":{"line":14,"column":null}}},"fnMap":{},"branchMap":{"0":{"loc":{"start":{"line":7,"column":0},"end":{"line":11,"column":null}},"type":"if","locations":[{"start":{"line":7,"column":0},"end":{"line":11,"column":null}},{"start":{},"end":{}}],"line":7}},"s":{"0":29,"1":29,"2":0,"3":29,"4":29},"f":{},"b":{"0":[0,29]},"meta":{"lastBranch":1,"lastFunction":0,"lastStatement":5,"seen":{"s:5:17:5:Infinity":0,"b:7:0:11:Infinity:undefined:undefined:undefined:undefined":0,"s:7:0:11:Infinity":1,"s:8:2:10:Infinity":2,"s:13:20:13:Infinity":3,"s:14:13:14:Infinity":4}}}
,"/home/runner/workspace/server/storage.ts": {"path":"/home/runner/workspace/server/storage.ts","statementMap":{"0":{"start":{"line":170,"column":4},"end":{"line":172,"column":null}},"1":{"start":{"line":171,"column":6},"end":{"line":171,"column":null}},"2":{"start":{"line":173,"column":4},"end":{"line":173,"column":null}},"3":{"start":{"line":177,"column":4},"end":{"line":180,"column":null}},"4":{"start":{"line":178,"column":22},"end":{"line":178,"column":null}},"5":{"start":{"line":179,"column":6},"end":{"line":179,"column":null}},"6":{"start":{"line":181,"column":20},"end":{"line":181,"column":null}},"7":{"start":{"line":182,"column":4},"end":{"line":182,"column":null}},"8":{"start":{"line":186,"column":23},"end":{"line":186,"column":null}},"9":{"start":{"line":187,"column":4},"end":{"line":187,"column":null}},"10":{"start":{"line":191,"column":44},"end":{"line":191,"column":null}},"11":{"start":{"line":192,"column":4},"end":{"line":196,"column":null}},"12":{"start":{"line":193,"column":6},"end":{"line":195,"column":null}},"13":{"start":{"line":194,"column":8},"end":{"line":194,"column":null}},"14":{"start":{"line":197,"column":4},"end":{"line":199,"column":null}},"15":{"start":{"line":198,"column":6},"end":{"line":198,"column":null}},"16":{"start":{"line":200,"column":4},"end":{"line":203,"column":null}},"17":{"start":{"line":201,"column":24},"end":{"line":201,"column":null}},"18":{"start":{"line":202,"column":6},"end":{"line":202,"column":null}},"19":{"start":{"line":204,"column":22},"end":{"line":204,"column":null}},"20":{"start":{"line":205,"column":4},"end":{"line":205,"column":null}},"21":{"start":{"line":209,"column":18},"end":{"line":209,"column":null}},"22":{"start":{"line":210,"column":4},"end":{"line":210,"column":null}},"23":{"start":{"line":210,"column":16},"end":{"line":210,"column":null}},"24":{"start":{"line":211,"column":16},"end":{"line":211,"column":null}},"25":{"start":{"line":212,"column":4},"end":{"line":214,"column":null}},"26":{"start":{"line":213,"column":6},"end":{"line":213,"column":null}},"27":{"start":{"line":215,"column":4},"end":{"line":215,"column":null}},"28":{"start":{"line":216,"column":4},"end":{"line":219,"column":null}},"29":{"start":{"line":217,"column":21},"end":{"line":217,"column":null}},"30":{"start":{"line":218,"column":6},"end":{"line":218,"column":null}},"31":{"start":{"line":220,"column":19},"end":{"line":220,"column":null}},"32":{"start":{"line":221,"column":4},"end":{"line":221,"column":null}},"33":{"start":{"line":225,"column":4},"end":{"line":225,"column":null}},"34":{"start":{"line":229,"column":23},"end":{"line":229,"column":null}},"35":{"start":{"line":230,"column":4},"end":{"line":230,"column":null}},"36":{"start":{"line":234,"column":26},"end":{"line":234,"column":null}},"37":{"start":{"line":235,"column":4},"end":{"line":235,"column":null}},"38":{"start":{"line":239,"column":22},"end":{"line":239,"column":null}},"39":{"start":{"line":240,"column":4},"end":{"line":240,"column":null}},"40":{"start":{"line":244,"column":16},"end":{"line":244,"column":null}},"41":{"start":{"line":245,"column":4},"end":{"line":247,"column":null}},"42":{"start":{"line":246,"column":6},"end":{"line":246,"column":null}},"43":{"start":{"line":248,"column":4},"end":{"line":248,"column":null}},"44":{"start":{"line":249,"column":19},"end":{"line":249,"column":null}},"45":{"start":{"line":250,"column":4},"end":{"line":250,"column":null}},"46":{"start":{"line":254,"column":19},"end":{"line":265,"column":null}},"47":{"start":{"line":267,"column":4},"end":{"line":267,"column":null}},"48":{"start":{"line":267,"column":29},"end":{"line":267,"column":null}},"49":{"start":{"line":269,"column":18},"end":{"line":269,"column":null}},"50":{"start":{"line":269,"column":34},"end":{"line":269,"column":38}},"51":{"start":{"line":270,"column":19},"end":{"line":277,"column":null}},"52":{"start":{"line":279,"column":21},"end":{"line":279,"column":null}},"53":{"start":{"line":279,"column":45},"end":{"line":279,"column":73}},"54":{"start":{"line":281,"column":4},"end":{"line":288,"column":null}},"55":{"start":{"line":281,"column":28},"end":{"line":288,"column":6}},"56":{"start":{"line":292,"column":22},"end":{"line":295,"column":null}},"57":{"start":{"line":296,"column":4},"end":{"line":296,"column":null}},"58":{"start":{"line":300,"column":17},"end":{"line":300,"column":null}},"59":{"start":{"line":301,"column":4},"end":{"line":301,"column":null}},"60":{"start":{"line":305,"column":17},"end":{"line":306,"column":null}},"61":{"start":{"line":307,"column":4},"end":{"line":307,"column":null}},"62":{"start":{"line":311,"column":25},"end":{"line":313,"column":null}},"63":{"start":{"line":314,"column":21},"end":{"line":314,"column":null}},"64":{"start":{"line":315,"column":20},"end":{"line":315,"column":null}},"65":{"start":{"line":316,"column":4},"end":{"line":316,"column":null}},"66":{"start":{"line":320,"column":4},"end":{"line":320,"column":null}},"67":{"start":{"line":321,"column":19},"end":{"line":321,"column":null}},"68":{"start":{"line":322,"column":4},"end":{"line":322,"column":null}},"69":{"start":{"line":326,"column":4},"end":{"line":328,"column":null}},"70":{"start":{"line":332,"column":23},"end":{"line":332,"column":null}},"71":{"start":{"line":333,"column":4},"end":{"line":333,"column":null}},"72":{"start":{"line":337,"column":26},"end":{"line":337,"column":null}},"73":{"start":{"line":338,"column":4},"end":{"line":338,"column":null}},"74":{"start":{"line":342,"column":22},"end":{"line":342,"column":null}},"75":{"start":{"line":343,"column":4},"end":{"line":343,"column":null}},"76":{"start":{"line":347,"column":19},"end":{"line":347,"column":null}},"77":{"start":{"line":348,"column":4},"end":{"line":348,"column":null}},"78":{"start":{"line":352,"column":18},"end":{"line":352,"column":null}},"79":{"start":{"line":353,"column":4},"end":{"line":353,"column":null}},"80":{"start":{"line":353,"column":16},"end":{"line":353,"column":null}},"81":{"start":{"line":355,"column":16},"end":{"line":355,"column":null}},"82":{"start":{"line":356,"column":49},"end":{"line":356,"column":null}},"83":{"start":{"line":358,"column":4},"end":{"line":364,"column":null}},"84":{"start":{"line":359,"column":17},"end":{"line":359,"column":null}},"85":{"start":{"line":360,"column":6},"end":{"line":363,"column":null}},"86":{"start":{"line":366,"column":4},"end":{"line":366,"column":null}},"87":{"start":{"line":370,"column":22},"end":{"line":370,"column":null}},"88":{"start":{"line":371,"column":22},"end":{"line":371,"column":null}},"89":{"start":{"line":373,"column":4},"end":{"line":386,"column":null}},"90":{"start":{"line":374,"column":18},"end":{"line":374,"column":null}},"91":{"start":{"line":375,"column":6},"end":{"line":385,"column":null}},"92":{"start":{"line":379,"column":35},"end":{"line":384,"column":10}},"93":{"start":{"line":388,"column":4},"end":{"line":388,"column":null}},"94":{"start":{"line":393,"column":4},"end":{"line":395,"column":null}},"95":{"start":{"line":394,"column":6},"end":{"line":394,"column":null}},"96":{"start":{"line":396,"column":4},"end":{"line":396,"column":null}},"97":{"start":{"line":400,"column":4},"end":{"line":403,"column":null}},"98":{"start":{"line":401,"column":21},"end":{"line":401,"column":null}},"99":{"start":{"line":402,"column":6},"end":{"line":402,"column":null}},"100":{"start":{"line":404,"column":19},"end":{"line":404,"column":null}},"101":{"start":{"line":405,"column":4},"end":{"line":405,"column":null}},"102":{"start":{"line":409,"column":22},"end":{"line":409,"column":null}},"103":{"start":{"line":410,"column":4},"end":{"line":410,"column":null}},"104":{"start":{"line":414,"column":44},"end":{"line":414,"column":null}},"105":{"start":{"line":415,"column":4},"end":{"line":419,"column":null}},"106":{"start":{"line":416,"column":6},"end":{"line":418,"column":null}},"107":{"start":{"line":417,"column":8},"end":{"line":417,"column":null}},"108":{"start":{"line":420,"column":4},"end":{"line":422,"column":null}},"109":{"start":{"line":421,"column":6},"end":{"line":421,"column":null}},"110":{"start":{"line":423,"column":4},"end":{"line":426,"column":null}},"111":{"start":{"line":424,"column":24},"end":{"line":424,"column":null}},"112":{"start":{"line":425,"column":6},"end":{"line":425,"column":null}},"113":{"start":{"line":427,"column":22},"end":{"line":427,"column":null}},"114":{"start":{"line":428,"column":4},"end":{"line":428,"column":null}},"115":{"start":{"line":432,"column":17},"end":{"line":432,"column":null}},"116":{"start":{"line":433,"column":4},"end":{"line":433,"column":null}},"117":{"start":{"line":433,"column":15},"end":{"line":433,"column":null}},"118":{"start":{"line":434,"column":4},"end":{"line":434,"column":null}},"119":{"start":{"line":435,"column":4},"end":{"line":435,"column":null}},"120":{"start":{"line":436,"column":4},"end":{"line":439,"column":null}},"121":{"start":{"line":437,"column":21},"end":{"line":437,"column":null}},"122":{"start":{"line":438,"column":6},"end":{"line":438,"column":null}},"123":{"start":{"line":440,"column":19},"end":{"line":440,"column":null}},"124":{"start":{"line":441,"column":4},"end":{"line":441,"column":null}},"125":{"start":{"line":446,"column":19},"end":{"line":457,"column":null}},"126":{"start":{"line":458,"column":4},"end":{"line":464,"column":null}},"127":{"start":{"line":458,"column":28},"end":{"line":464,"column":6}},"128":{"start":{"line":468,"column":25},"end":{"line":470,"column":null}},"129":{"start":{"line":471,"column":21},"end":{"line":471,"column":null}},"130":{"start":{"line":472,"column":20},"end":{"line":472,"column":null}},"131":{"start":{"line":473,"column":4},"end":{"line":473,"column":null}},"132":{"start":{"line":477,"column":19},"end":{"line":479,"column":null}},"133":{"start":{"line":480,"column":4},"end":{"line":480,"column":null}},"134":{"start":{"line":484,"column":22},"end":{"line":487,"column":null}},"135":{"start":{"line":488,"column":4},"end":{"line":488,"column":null}},"136":{"start":{"line":494,"column":4},"end":{"line":498,"column":null}},"137":{"start":{"line":495,"column":6},"end":{"line":495,"column":null}},"138":{"start":{"line":497,"column":6},"end":{"line":497,"column":null}},"139":{"start":{"line":500,"column":4},"end":{"line":500,"column":null}},"140":{"start":{"line":500,"column":33},"end":{"line":500,"column":null}},"141":{"start":{"line":502,"column":20},"end":{"line":502,"column":null}},"142":{"start":{"line":502,"column":40},"end":{"line":502,"column":44}},"143":{"start":{"line":503,"column":19},"end":{"line":510,"column":null}},"144":{"start":{"line":512,"column":21},"end":{"line":512,"column":null}},"145":{"start":{"line":512,"column":45},"end":{"line":512,"column":64}},"146":{"start":{"line":514,"column":4},"end":{"line":517,"column":null}},"147":{"start":{"line":514,"column":32},"end":{"line":517,"column":6}},"148":{"start":{"line":521,"column":4},"end":{"line":524,"column":null}},"149":{"start":{"line":522,"column":21},"end":{"line":522,"column":null}},"150":{"start":{"line":523,"column":6},"end":{"line":523,"column":null}},"151":{"start":{"line":525,"column":19},"end":{"line":525,"column":null}},"152":{"start":{"line":526,"column":4},"end":{"line":526,"column":null}},"153":{"start":{"line":530,"column":22},"end":{"line":530,"column":null}},"154":{"start":{"line":531,"column":4},"end":{"line":531,"column":null}},"155":{"start":{"line":535,"column":44},"end":{"line":535,"column":null}},"156":{"start":{"line":536,"column":4},"end":{"line":540,"column":null}},"157":{"start":{"line":537,"column":6},"end":{"line":539,"column":null}},"158":{"start":{"line":538,"column":8},"end":{"line":538,"column":null}},"159":{"start":{"line":541,"column":4},"end":{"line":543,"column":null}},"160":{"start":{"line":542,"column":6},"end":{"line":542,"column":null}},"161":{"start":{"line":544,"column":4},"end":{"line":547,"column":null}},"162":{"start":{"line":545,"column":24},"end":{"line":545,"column":null}},"163":{"start":{"line":546,"column":6},"end":{"line":546,"column":null}},"164":{"start":{"line":548,"column":22},"end":{"line":548,"column":null}},"165":{"start":{"line":549,"column":4},"end":{"line":549,"column":null}},"166":{"start":{"line":553,"column":17},"end":{"line":553,"column":null}},"167":{"start":{"line":554,"column":4},"end":{"line":554,"column":null}},"168":{"start":{"line":554,"column":15},"end":{"line":554,"column":null}},"169":{"start":{"line":555,"column":4},"end":{"line":555,"column":null}},"170":{"start":{"line":556,"column":4},"end":{"line":556,"column":null}},"171":{"start":{"line":557,"column":4},"end":{"line":560,"column":null}},"172":{"start":{"line":558,"column":21},"end":{"line":558,"column":null}},"173":{"start":{"line":559,"column":6},"end":{"line":559,"column":null}},"174":{"start":{"line":561,"column":19},"end":{"line":561,"column":null}},"175":{"start":{"line":562,"column":4},"end":{"line":562,"column":null}},"176":{"start":{"line":567,"column":4},"end":{"line":567,"column":null}},"177":{"start":{"line":571,"column":19},"end":{"line":571,"column":null}},"178":{"start":{"line":572,"column":4},"end":{"line":572,"column":null}},"179":{"start":{"line":576,"column":22},"end":{"line":576,"column":null}},"180":{"start":{"line":577,"column":4},"end":{"line":577,"column":null}},"181":{"start":{"line":581,"column":22},"end":{"line":581,"column":null}},"182":{"start":{"line":582,"column":4},"end":{"line":582,"column":null}},"183":{"start":{"line":586,"column":19},"end":{"line":586,"column":null}},"184":{"start":{"line":587,"column":4},"end":{"line":587,"column":null}},"185":{"start":{"line":592,"column":19},"end":{"line":603,"column":null}},"186":{"start":{"line":604,"column":4},"end":{"line":610,"column":null}},"187":{"start":{"line":604,"column":28},"end":{"line":610,"column":6}},"188":{"start":{"line":614,"column":25},"end":{"line":616,"column":null}},"189":{"start":{"line":617,"column":21},"end":{"line":617,"column":null}},"190":{"start":{"line":618,"column":20},"end":{"line":618,"column":null}},"191":{"start":{"line":619,"column":4},"end":{"line":619,"column":null}},"192":{"start":{"line":623,"column":19},"end":{"line":625,"column":null}},"193":{"start":{"line":626,"column":4},"end":{"line":626,"column":null}},"194":{"start":{"line":631,"column":25},"end":{"line":631,"column":null}},"195":{"start":{"line":632,"column":4},"end":{"line":632,"column":null}},"196":{"start":{"line":636,"column":22},"end":{"line":636,"column":null}},"197":{"start":{"line":637,"column":4},"end":{"line":637,"column":null}},"198":{"start":{"line":641,"column":22},"end":{"line":641,"column":null}},"199":{"start":{"line":642,"column":4},"end":{"line":642,"column":null}},"200":{"start":{"line":646,"column":20},"end":{"line":646,"column":null}},"201":{"start":{"line":647,"column":4},"end":{"line":647,"column":null}},"202":{"start":{"line":647,"column":18},"end":{"line":647,"column":null}},"203":{"start":{"line":648,"column":20},"end":{"line":648,"column":null}},"204":{"start":{"line":649,"column":4},"end":{"line":649,"column":null}},"205":{"start":{"line":653,"column":22},"end":{"line":660,"column":null}},"206":{"start":{"line":661,"column":4},"end":{"line":661,"column":null}},"207":{"start":{"line":665,"column":44},"end":{"line":665,"column":null}},"208":{"start":{"line":666,"column":4},"end":{"line":670,"column":null}},"209":{"start":{"line":667,"column":6},"end":{"line":669,"column":null}},"210":{"start":{"line":668,"column":8},"end":{"line":668,"column":null}},"211":{"start":{"line":671,"column":22},"end":{"line":671,"column":null}},"212":{"start":{"line":672,"column":4},"end":{"line":672,"column":null}},"213":{"start":{"line":676,"column":4},"end":{"line":676,"column":null}},"214":{"start":{"line":677,"column":4},"end":{"line":677,"column":null}},"215":{"start":{"line":678,"column":19},"end":{"line":678,"column":null}},"216":{"start":{"line":679,"column":4},"end":{"line":679,"column":null}},"217":{"start":{"line":683,"column":21},"end":{"line":685,"column":null}},"218":{"start":{"line":687,"column":45},"end":{"line":687,"column":null}},"219":{"start":{"line":688,"column":4},"end":{"line":691,"column":null}},"220":{"start":{"line":689,"column":22},"end":{"line":689,"column":null}},"221":{"start":{"line":690,"column":6},"end":{"line":690,"column":null}},"222":{"start":{"line":692,"column":4},"end":{"line":692,"column":null}},"223":{"start":{"line":696,"column":24},"end":{"line":697,"column":null}},"224":{"start":{"line":699,"column":27},"end":{"line":699,"column":null}},"225":{"start":{"line":699,"column":51},"end":{"line":699,"column":70}},"226":{"start":{"line":701,"column":23},"end":{"line":701,"column":null}},"227":{"start":{"line":702,"column":4},"end":{"line":707,"column":null}},"228":{"start":{"line":703,"column":22},"end":{"line":705,"column":null}},"229":{"start":{"line":706,"column":6},"end":{"line":706,"column":null}},"230":{"start":{"line":709,"column":4},"end":{"line":713,"column":null}},"231":{"start":{"line":718,"column":21},"end":{"line":718,"column":null}},"232":{"start":{"line":719,"column":4},"end":{"line":729,"column":null}},"233":{"start":{"line":720,"column":24},"end":{"line":727,"column":null}},"234":{"start":{"line":728,"column":6},"end":{"line":728,"column":null}},"235":{"start":{"line":731,"column":27},"end":{"line":731,"column":null}},"236":{"start":{"line":732,"column":4},"end":{"line":743,"column":null}},"237":{"start":{"line":733,"column":24},"end":{"line":741,"column":null}},"238":{"start":{"line":742,"column":6},"end":{"line":742,"column":null}},"239":{"start":{"line":745,"column":24},"end":{"line":745,"column":null}},"240":{"start":{"line":746,"column":4},"end":{"line":746,"column":null}},"241":{"start":{"line":750,"column":4},"end":{"line":752,"column":null}},"242":{"start":{"line":756,"column":21},"end":{"line":757,"column":null}},"243":{"start":{"line":758,"column":4},"end":{"line":758,"column":null}},"244":{"start":{"line":762,"column":21},"end":{"line":763,"column":null}},"245":{"start":{"line":764,"column":4},"end":{"line":764,"column":null}},"246":{"start":{"line":768,"column":19},"end":{"line":768,"column":null}},"247":{"start":{"line":769,"column":4},"end":{"line":769,"column":null}},"248":{"start":{"line":769,"column":17},"end":{"line":769,"column":null}},"249":{"start":{"line":770,"column":21},"end":{"line":770,"column":null}},"250":{"start":{"line":771,"column":4},"end":{"line":771,"column":null}},"251":{"start":{"line":775,"column":22},"end":{"line":778,"column":null}},"252":{"start":{"line":779,"column":4},"end":{"line":779,"column":null}},"253":{"start":{"line":783,"column":22},"end":{"line":786,"column":null}},"254":{"start":{"line":787,"column":4},"end":{"line":787,"column":null}},"255":{"start":{"line":791,"column":19},"end":{"line":793,"column":null}},"256":{"start":{"line":794,"column":4},"end":{"line":794,"column":null}},"257":{"start":{"line":799,"column":27},"end":{"line":802,"column":null}},"258":{"start":{"line":803,"column":4},"end":{"line":810,"column":null}},"259":{"start":{"line":804,"column":25},"end":{"line":808,"column":null}},"260":{"start":{"line":809,"column":6},"end":{"line":809,"column":null}},"261":{"start":{"line":811,"column":4},"end":{"line":811,"column":null}},"262":{"start":{"line":815,"column":20},"end":{"line":817,"column":null}},"263":{"start":{"line":818,"column":4},"end":{"line":818,"column":null}},"264":{"start":{"line":818,"column":28},"end":{"line":818,"column":40}},"265":{"start":{"line":822,"column":4},"end":{"line":822,"column":null}},"266":{"start":{"line":823,"column":4},"end":{"line":823,"column":null}},"267":{"start":{"line":828,"column":26},"end":{"line":828,"column":null}},"268":{"start":{"line":829,"column":20},"end":{"line":829,"column":null}},"269":{"start":{"line":831,"column":4},"end":{"line":837,"column":null}},"270":{"start":{"line":832,"column":20},"end":{"line":832,"column":null}},"271":{"start":{"line":833,"column":6},"end":{"line":835,"column":null}},"272":{"start":{"line":834,"column":8},"end":{"line":834,"column":null}},"273":{"start":{"line":836,"column":6},"end":{"line":836,"column":null}},"274":{"start":{"line":839,"column":4},"end":{"line":839,"column":null}},"275":{"start":{"line":843,"column":22},"end":{"line":846,"column":null}},"276":{"start":{"line":847,"column":4},"end":{"line":847,"column":null}},"277":{"start":{"line":851,"column":22},"end":{"line":854,"column":null}},"278":{"start":{"line":855,"column":4},"end":{"line":855,"column":null}},"279":{"start":{"line":859,"column":29},"end":{"line":861,"column":null}},"280":{"start":{"line":863,"column":19},"end":{"line":863,"column":null}},"281":{"start":{"line":865,"column":4},"end":{"line":879,"column":null}},"282":{"start":{"line":866,"column":24},"end":{"line":868,"column":null}},"283":{"start":{"line":870,"column":6},"end":{"line":878,"column":null}},"284":{"start":{"line":871,"column":24},"end":{"line":871,"column":null}},"285":{"start":{"line":872,"column":8},"end":{"line":877,"column":null}},"286":{"start":{"line":873,"column":10},"end":{"line":875,"column":null}},"287":{"start":{"line":874,"column":12},"end":{"line":874,"column":null}},"288":{"start":{"line":876,"column":10},"end":{"line":876,"column":null}},"289":{"start":{"line":881,"column":4},"end":{"line":881,"column":null}},"290":{"start":{"line":885,"column":22},"end":{"line":887,"column":null}},"291":{"start":{"line":889,"column":4},"end":{"line":889,"column":null}},"292":{"start":{"line":889,"column":32},"end":{"line":889,"column":null}},"293":{"start":{"line":891,"column":18},"end":{"line":891,"column":null}},"294":{"start":{"line":891,"column":38},"end":{"line":891,"column":43}},"295":{"start":{"line":892,"column":21},"end":{"line":894,"column":null}},"296":{"start":{"line":896,"column":4},"end":{"line":896,"column":null}},"297":{"start":{"line":900,"column":22},"end":{"line":902,"column":null}},"298":{"start":{"line":904,"column":4},"end":{"line":904,"column":null}},"299":{"start":{"line":904,"column":32},"end":{"line":904,"column":null}},"300":{"start":{"line":906,"column":18},"end":{"line":906,"column":null}},"301":{"start":{"line":906,"column":38},"end":{"line":906,"column":43}},"302":{"start":{"line":907,"column":15},"end":{"line":909,"column":null}},"303":{"start":{"line":911,"column":4},"end":{"line":911,"column":null}},"304":{"start":{"line":915,"column":25},"end":{"line":915,"column":null}},"305":{"start":{"line":916,"column":28},"end":{"line":916,"column":null}},"306":{"start":{"line":917,"column":28},"end":{"line":917,"column":null}},"307":{"start":{"line":918,"column":34},"end":{"line":920,"column":null}},"308":{"start":{"line":922,"column":29},"end":{"line":924,"column":null}},"309":{"start":{"line":926,"column":21},"end":{"line":926,"column":null}},"310":{"start":{"line":927,"column":4},"end":{"line":932,"column":null}},"311":{"start":{"line":928,"column":21},"end":{"line":928,"column":null}},"312":{"start":{"line":929,"column":6},"end":{"line":931,"column":null}},"313":{"start":{"line":930,"column":8},"end":{"line":930,"column":null}},"314":{"start":{"line":934,"column":4},"end":{"line":940,"column":null}},"315":{"start":{"line":944,"column":20},"end":{"line":944,"column":null}},"316":{"start":{"line":945,"column":4},"end":{"line":945,"column":null}},"317":{"start":{"line":949,"column":16},"end":{"line":949,"column":null}},"318":{"start":{"line":950,"column":4},"end":{"line":952,"column":null}},"319":{"start":{"line":951,"column":6},"end":{"line":951,"column":null}},"320":{"start":{"line":953,"column":4},"end":{"line":953,"column":null}},"321":{"start":{"line":957,"column":4},"end":{"line":957,"column":null}},"322":{"start":{"line":961,"column":22},"end":{"line":961,"column":null}},"323":{"start":{"line":962,"column":4},"end":{"line":962,"column":null}},"324":{"start":{"line":970,"column":29},"end":{"line":985,"column":null}},"325":{"start":{"line":986,"column":28},"end":{"line":986,"column":null}},"326":{"start":{"line":989,"column":31},"end":{"line":1023,"column":null}},"327":{"start":{"line":1024,"column":30},"end":{"line":1024,"column":null}},"328":{"start":{"line":1026,"column":4},"end":{"line":1026,"column":null}},"329":{"start":{"line":1031,"column":24},"end":{"line":1031,"column":null}},"330":{"start":{"line":1032,"column":25},"end":{"line":1032,"column":null}},"331":{"start":{"line":1033,"column":28},"end":{"line":1033,"column":null}},"332":{"start":{"line":1034,"column":27},"end":{"line":1034,"column":null}},"333":{"start":{"line":1036,"column":18},"end":{"line":1036,"column":null}},"334":{"start":{"line":1037,"column":4},"end":{"line":1037,"column":null}},"335":{"start":{"line":1038,"column":32},"end":{"line":1040,"column":null}},"336":{"start":{"line":1042,"column":23},"end":{"line":1042,"column":null}},"337":{"start":{"line":1043,"column":4},"end":{"line":1043,"column":null}},"338":{"start":{"line":1044,"column":27},"end":{"line":1046,"column":null}},"339":{"start":{"line":1048,"column":4},"end":{"line":1055,"column":null}},"340":{"start":{"line":1059,"column":21},"end":{"line":1059,"column":null}},"341":{"start":{"line":1061,"column":27},"end":{"line":1089,"column":null}},"342":{"start":{"line":1062,"column":27},"end":{"line":1064,"column":null}},"343":{"start":{"line":1066,"column":25},"end":{"line":1066,"column":null}},"344":{"start":{"line":1067,"column":23},"end":{"line":1067,"column":null}},"345":{"start":{"line":1067,"column":43},"end":{"line":1067,"column":47}},"346":{"start":{"line":1069,"column":26},"end":{"line":1069,"column":null}},"347":{"start":{"line":1070,"column":6},"end":{"line":1081,"column":null}},"348":{"start":{"line":1071,"column":26},"end":{"line":1073,"column":null}},"349":{"start":{"line":1074,"column":22},"end":{"line":1074,"column":null}},"350":{"start":{"line":1074,"column":42},"end":{"line":1074,"column":47}},"351":{"start":{"line":1075,"column":8},"end":{"line":1080,"column":null}},"352":{"start":{"line":1076,"column":27},"end":{"line":1078,"column":null}},"353":{"start":{"line":1079,"column":10},"end":{"line":1079,"column":null}},"354":{"start":{"line":1083,"column":40},"end":{"line":1083,"column":null}},"355":{"start":{"line":1084,"column":6},"end":{"line":1088,"column":null}},"356":{"start":{"line":1091,"column":4},"end":{"line":1091,"column":null}},"357":{"start":{"line":1096,"column":25},"end":{"line":1096,"column":null}},"358":{"start":{"line":1097,"column":4},"end":{"line":1100,"column":null}},"359":{"start":{"line":1098,"column":6},"end":{"line":1098,"column":null}},"360":{"start":{"line":1099,"column":6},"end":{"line":1099,"column":null}},"361":{"start":{"line":1101,"column":4},"end":{"line":1101,"column":null}},"362":{"start":{"line":1104,"column":23},"end":{"line":1104,"column":null}},"363":{"start":{"line":1105,"column":4},"end":{"line":1107,"column":null}},"364":{"start":{"line":1106,"column":6},"end":{"line":1106,"column":null}},"365":{"start":{"line":1110,"column":22},"end":{"line":1110,"column":null}},"366":{"start":{"line":1111,"column":4},"end":{"line":1114,"column":null}},"367":{"start":{"line":1112,"column":6},"end":{"line":1112,"column":null}},"368":{"start":{"line":1113,"column":6},"end":{"line":1113,"column":null}},"369":{"start":{"line":1115,"column":4},"end":{"line":1115,"column":null}},"370":{"start":{"line":1117,"column":4},"end":{"line":1117,"column":null}},"371":{"start":{"line":1118,"column":4},"end":{"line":1118,"column":null}},"372":{"start":{"line":1122,"column":22},"end":{"line":1122,"column":null}},"373":{"start":{"line":1124,"column":29},"end":{"line":1155,"column":null}},"374":{"start":{"line":1125,"column":22},"end":{"line":1129,"column":null}},"375":{"start":{"line":1131,"column":25},"end":{"line":1133,"column":null}},"376":{"start":{"line":1135,"column":24},"end":{"line":1137,"column":null}},"377":{"start":{"line":1138,"column":20},"end":{"line":1138,"column":null}},"378":{"start":{"line":1138,"column":40},"end":{"line":1138,"column":45}},"379":{"start":{"line":1140,"column":26},"end":{"line":1140,"column":null}},"380":{"start":{"line":1141,"column":6},"end":{"line":1146,"column":null}},"381":{"start":{"line":1142,"column":25},"end":{"line":1144,"column":null}},"382":{"start":{"line":1145,"column":8},"end":{"line":1145,"column":null}},"383":{"start":{"line":1148,"column":6},"end":{"line":1154,"column":null}},"384":{"start":{"line":1157,"column":4},"end":{"line":1157,"column":null}},"385":{"start":{"line":1162,"column":4},"end":{"line":1164,"column":null}},"386":{"start":{"line":1166,"column":22},"end":{"line":1168,"column":null}},"387":{"start":{"line":1171,"column":4},"end":{"line":1179,"column":null}},"388":{"start":{"line":1172,"column":26},"end":{"line":1174,"column":null}},"389":{"start":{"line":1175,"column":6},"end":{"line":1177,"column":null}},"390":{"start":{"line":1176,"column":8},"end":{"line":1176,"column":null}},"391":{"start":{"line":1178,"column":6},"end":{"line":1178,"column":null}},"392":{"start":{"line":1181,"column":4},"end":{"line":1181,"column":null}},"393":{"start":{"line":1182,"column":4},"end":{"line":1182,"column":null}},"394":{"start":{"line":1183,"column":4},"end":{"line":1183,"column":null}},"395":{"start":{"line":1188,"column":4},"end":{"line":1188,"column":null}},"396":{"start":{"line":1192,"column":4},"end":{"line":1196,"column":null}},"397":{"start":{"line":1193,"column":6},"end":{"line":1195,"column":null}},"398":{"start":{"line":1197,"column":4},"end":{"line":1199,"column":null}},"399":{"start":{"line":1204,"column":4},"end":{"line":1211,"column":null}},"400":{"start":{"line":1215,"column":23},"end":{"line":1215,"column":null}},"401":{"start":{"line":1216,"column":4},"end":{"line":1216,"column":null}},"402":{"start":{"line":1220,"column":23},"end":{"line":1220,"column":null}},"403":{"start":{"line":1221,"column":4},"end":{"line":1221,"column":null}},"404":{"start":{"line":1225,"column":22},"end":{"line":1225,"column":null}},"405":{"start":{"line":1226,"column":4},"end":{"line":1226,"column":null}},"406":{"start":{"line":1231,"column":19},"end":{"line":1231,"column":null}},"407":{"start":{"line":1232,"column":4},"end":{"line":1232,"column":null}},"408":{"start":{"line":1236,"column":19},"end":{"line":1236,"column":null}},"409":{"start":{"line":1237,"column":4},"end":{"line":1237,"column":null}},"410":{"start":{"line":1242,"column":19},"end":{"line":1249,"column":null}},"411":{"start":{"line":1250,"column":4},"end":{"line":1250,"column":null}},"412":{"start":{"line":1254,"column":19},"end":{"line":1254,"column":null}},"413":{"start":{"line":1255,"column":4},"end":{"line":1255,"column":null}},"414":{"start":{"line":1259,"column":22},"end":{"line":1259,"column":null}},"415":{"start":{"line":1260,"column":4},"end":{"line":1260,"column":null}},"416":{"start":{"line":1265,"column":4},"end":{"line":1268,"column":null}},"417":{"start":{"line":1266,"column":6},"end":{"line":1267,"column":null}},"418":{"start":{"line":1269,"column":4},"end":{"line":1269,"column":null}},"419":{"start":{"line":1273,"column":23},"end":{"line":1273,"column":null}},"420":{"start":{"line":1274,"column":4},"end":{"line":1274,"column":null}},"421":{"start":{"line":1279,"column":18},"end":{"line":1280,"column":null}},"422":{"start":{"line":1281,"column":4},"end":{"line":1281,"column":null}},"423":{"start":{"line":1285,"column":18},"end":{"line":1285,"column":null}},"424":{"start":{"line":1286,"column":4},"end":{"line":1286,"column":null}},"425":{"start":{"line":1290,"column":22},"end":{"line":1290,"column":null}},"426":{"start":{"line":1291,"column":4},"end":{"line":1291,"column":null}},"427":{"start":{"line":1296,"column":19},"end":{"line":1301,"column":null}},"428":{"start":{"line":1302,"column":4},"end":{"line":1302,"column":null}},"429":{"start":{"line":1307,"column":4},"end":{"line":1307,"column":null}},"430":{"start":{"line":1311,"column":21},"end":{"line":1311,"column":null}},"431":{"start":{"line":1312,"column":4},"end":{"line":1312,"column":null}},"432":{"start":{"line":1316,"column":21},"end":{"line":1316,"column":null}},"433":{"start":{"line":1317,"column":4},"end":{"line":1317,"column":null}},"434":{"start":{"line":1322,"column":23},"end":{"line":1322,"column":null}},"435":{"start":{"line":1323,"column":4},"end":{"line":1323,"column":null}},"436":{"start":{"line":1327,"column":4},"end":{"line":1327,"column":null}},"437":{"start":{"line":1332,"column":4},"end":{"line":1334,"column":null}},"438":{"start":{"line":1338,"column":24},"end":{"line":1338,"column":null}},"439":{"start":{"line":1339,"column":4},"end":{"line":1339,"column":null}},"440":{"start":{"line":1343,"column":21},"end":{"line":1349,"column":null}},"441":{"start":{"line":1350,"column":4},"end":{"line":1350,"column":null}},"442":{"start":{"line":1355,"column":4},"end":{"line":1357,"column":null}},"443":{"start":{"line":1361,"column":18},"end":{"line":1362,"column":null}},"444":{"start":{"line":1363,"column":4},"end":{"line":1363,"column":null}},"445":{"start":{"line":1367,"column":18},"end":{"line":1367,"column":null}},"446":{"start":{"line":1368,"column":4},"end":{"line":1368,"column":null}},"447":{"start":{"line":1372,"column":19},"end":{"line":1373,"column":null}},"448":{"start":{"line":1374,"column":4},"end":{"line":1374,"column":null}},"449":{"start":{"line":1379,"column":4},"end":{"line":1381,"column":null}},"450":{"start":{"line":1386,"column":20},"end":{"line":1387,"column":null}},"451":{"start":{"line":1388,"column":4},"end":{"line":1388,"column":null}},"452":{"start":{"line":1392,"column":20},"end":{"line":1392,"column":null}},"453":{"start":{"line":1393,"column":4},"end":{"line":1393,"column":null}},"454":{"start":{"line":1397,"column":22},"end":{"line":1397,"column":null}},"455":{"start":{"line":1398,"column":4},"end":{"line":1398,"column":null}},"456":{"start":{"line":1409,"column":24},"end":{"line":1414,"column":null}},"457":{"start":{"line":1417,"column":4},"end":{"line":1419,"column":null}},"458":{"start":{"line":1418,"column":6},"end":{"line":1418,"column":null}},"459":{"start":{"line":1422,"column":24},"end":{"line":1428,"column":null}},"460":{"start":{"line":1431,"column":4},"end":{"line":1438,"column":null}},"461":{"start":{"line":1432,"column":6},"end":{"line":1436,"column":null}},"462":{"start":{"line":1437,"column":6},"end":{"line":1437,"column":null}},"463":{"start":{"line":1440,"column":4},"end":{"line":1440,"column":null}},"464":{"start":{"line":1445,"column":4},"end":{"line":1447,"column":null}},"465":{"start":{"line":1446,"column":6},"end":{"line":1446,"column":null}},"466":{"start":{"line":1448,"column":4},"end":{"line":1448,"column":null}},"467":{"start":{"line":1452,"column":23},"end":{"line":1452,"column":null}},"468":{"start":{"line":1453,"column":4},"end":{"line":1453,"column":null}},"469":{"start":{"line":1457,"column":4},"end":{"line":1460,"column":null}},"470":{"start":{"line":1458,"column":21},"end":{"line":1458,"column":null}},"471":{"start":{"line":1459,"column":6},"end":{"line":1459,"column":null}},"472":{"start":{"line":1461,"column":19},"end":{"line":1461,"column":null}},"473":{"start":{"line":1462,"column":4},"end":{"line":1462,"column":null}},"474":{"start":{"line":1466,"column":30},"end":{"line":1497,"column":null}},"475":{"start":{"line":1501,"column":20},"end":{"line":1501,"column":null}},"476":{"start":{"line":1502,"column":4},"end":{"line":1517,"column":null}},"477":{"start":{"line":1503,"column":29},"end":{"line":1503,"column":null}},"478":{"start":{"line":1504,"column":6},"end":{"line":1516,"column":null}},"479":{"start":{"line":1506,"column":8},"end":{"line":1506,"column":null}},"480":{"start":{"line":1507,"column":8},"end":{"line":1507,"column":null}},"481":{"start":{"line":1508,"column":8},"end":{"line":1508,"column":null}},"482":{"start":{"line":1509,"column":8},"end":{"line":1509,"column":null}},"483":{"start":{"line":1510,"column":8},"end":{"line":1510,"column":null}},"484":{"start":{"line":1513,"column":8},"end":{"line":1513,"column":null}},"485":{"start":{"line":1514,"column":8},"end":{"line":1514,"column":null}},"486":{"start":{"line":1515,"column":8},"end":{"line":1515,"column":null}},"487":{"start":{"line":1519,"column":4},"end":{"line":1519,"column":null}},"488":{"start":{"line":1520,"column":26},"end":{"line":1520,"column":null}},"489":{"start":{"line":1521,"column":26},"end":{"line":1521,"column":null}},"490":{"start":{"line":1521,"column":57},"end":{"line":1521,"column":63}},"491":{"start":{"line":1522,"column":4},"end":{"line":1522,"column":null}},"492":{"start":{"line":1524,"column":21},"end":{"line":1524,"column":null}},"493":{"start":{"line":1525,"column":4},"end":{"line":1531,"column":null}},"494":{"start":{"line":1526,"column":6},"end":{"line":1530,"column":null}},"495":{"start":{"line":1527,"column":8},"end":{"line":1527,"column":null}},"496":{"start":{"line":1528,"column":8},"end":{"line":1528,"column":null}},"497":{"start":{"line":1529,"column":8},"end":{"line":1529,"column":null}},"498":{"start":{"line":1533,"column":4},"end":{"line":1537,"column":null}},"499":{"start":{"line":1534,"column":6},"end":{"line":1534,"column":null}},"500":{"start":{"line":1536,"column":6},"end":{"line":1536,"column":null}},"501":{"start":{"line":1540,"column":4},"end":{"line":1540,"column":null}},"502":{"start":{"line":1541,"column":4},"end":{"line":1541,"column":null}},"503":{"start":{"line":1542,"column":4},"end":{"line":1542,"column":null}},"504":{"start":{"line":1543,"column":4},"end":{"line":1543,"column":null}},"505":{"start":{"line":1544,"column":4},"end":{"line":1544,"column":null}},"506":{"start":{"line":1549,"column":4},"end":{"line":1549,"column":null}},"507":{"start":{"line":1553,"column":22},"end":{"line":1553,"column":null}},"508":{"start":{"line":1554,"column":4},"end":{"line":1554,"column":null}},"509":{"start":{"line":1558,"column":23},"end":{"line":1558,"column":null}},"510":{"start":{"line":1561,"column":2},"end":{"line":1561,"column":null}},"511":{"start":{"line":1562,"column":2},"end":{"line":1562,"column":null}},"512":{"start":{"line":1563,"column":2},"end":{"line":1563,"column":null}},"513":{"start":{"line":1564,"column":2},"end":{"line":1564,"column":null}},"514":{"start":{"line":1568,"column":28},"end":{"line":1568,"column":null}},"515":{"start":{"line":1570,"column":2},"end":{"line":1646,"column":null}},"516":{"start":{"line":1571,"column":36},"end":{"line":1571,"column":null}},"517":{"start":{"line":1571,"column":69},"end":{"line":1571,"column":91}},"518":{"start":{"line":1574,"column":27},"end":{"line":1576,"column":null}},"519":{"start":{"line":1579,"column":4},"end":{"line":1600,"column":null}},"520":{"start":{"line":1580,"column":6},"end":{"line":1580,"column":null}},"521":{"start":{"line":1582,"column":32},"end":{"line":1582,"column":null}},"522":{"start":{"line":1584,"column":6},"end":{"line":1587,"column":null}},"523":{"start":{"line":1585,"column":8},"end":{"line":1585,"column":null}},"524":{"start":{"line":1586,"column":8},"end":{"line":1586,"column":null}},"525":{"start":{"line":1589,"column":6},"end":{"line":1589,"column":null}},"526":{"start":{"line":1591,"column":6},"end":{"line":1591,"column":null}},"527":{"start":{"line":1592,"column":25},"end":{"line":1598,"column":null}},"528":{"start":{"line":1599,"column":6},"end":{"line":1599,"column":null}},"529":{"start":{"line":1603,"column":4},"end":{"line":1606,"column":null}},"530":{"start":{"line":1604,"column":6},"end":{"line":1604,"column":null}},"531":{"start":{"line":1605,"column":6},"end":{"line":1605,"column":null}},"532":{"start":{"line":1608,"column":24},"end":{"line":1608,"column":null}},"533":{"start":{"line":1609,"column":25},"end":{"line":1609,"column":null}},"534":{"start":{"line":1611,"column":4},"end":{"line":1643,"column":null}},"535":{"start":{"line":1612,"column":6},"end":{"line":1615,"column":null}},"536":{"start":{"line":1613,"column":8},"end":{"line":1613,"column":null}},"537":{"start":{"line":1614,"column":8},"end":{"line":1614,"column":null}},"538":{"start":{"line":1617,"column":20},"end":{"line":1623,"column":null}},"539":{"start":{"line":1624,"column":6},"end":{"line":1624,"column":null}},"540":{"start":{"line":1627,"column":19},"end":{"line":1630,"column":null}},"541":{"start":{"line":1633,"column":6},"end":{"line":1642,"column":null}},"542":{"start":{"line":1634,"column":8},"end":{"line":1640,"column":null}},"543":{"start":{"line":1641,"column":8},"end":{"line":1641,"column":null}},"544":{"start":{"line":1645,"column":4},"end":{"line":1645,"column":null}}},"fnMap":{"0":{"name":"(anonymous_0)","decl":{"start":{"line":169,"column":8},"end":{"line":169,"column":18}},"loc":{"start":{"line":169,"column":67},"end":{"line":174,"column":null}},"line":169},"1":{"name":"(anonymous_1)","decl":{"start":{"line":176,"column":8},"end":{"line":176,"column":17}},"loc":{"start":{"line":176,"column":88},"end":{"line":183,"column":null}},"line":176},"2":{"name":"(anonymous_2)","decl":{"start":{"line":185,"column":8},"end":{"line":185,"column":20}},"loc":{"start":{"line":185,"column":77},"end":{"line":188,"column":null}},"line":185},"3":{"name":"(anonymous_3)","decl":{"start":{"line":190,"column":8},"end":{"line":190,"column":20}},"loc":{"start":{"line":190,"column":119},"end":{"line":206,"column":null}},"line":190},"4":{"name":"(anonymous_4)","decl":{"start":{"line":208,"column":8},"end":{"line":208,"column":20}},"loc":{"start":{"line":208,"column":81},"end":{"line":222,"column":null}},"line":208},"5":{"name":"(anonymous_5)","decl":{"start":{"line":224,"column":8},"end":{"line":224,"column":45}},"loc":{"start":{"line":224,"column":45},"end":{"line":226,"column":null}},"line":224},"6":{"name":"(anonymous_6)","decl":{"start":{"line":228,"column":8},"end":{"line":228,"column":20}},"loc":{"start":{"line":228,"column":63},"end":{"line":231,"column":null}},"line":228},"7":{"name":"(anonymous_7)","decl":{"start":{"line":233,"column":8},"end":{"line":233,"column":23}},"loc":{"start":{"line":233,"column":68},"end":{"line":236,"column":null}},"line":233},"8":{"name":"(anonymous_8)","decl":{"start":{"line":238,"column":8},"end":{"line":238,"column":23}},"loc":{"start":{"line":238,"column":97},"end":{"line":241,"column":null}},"line":238},"9":{"name":"(anonymous_9)","decl":{"start":{"line":243,"column":8},"end":{"line":243,"column":23}},"loc":{"start":{"line":243,"column":53},"end":{"line":251,"column":null}},"line":243},"10":{"name":"(anonymous_10)","decl":{"start":{"line":253,"column":8},"end":{"line":253,"column":27}},"loc":{"start":{"line":253,"column":79},"end":{"line":289,"column":null}},"line":253},"11":{"name":"(anonymous_11)","decl":{"start":{"line":269,"column":29
[...]
,"/home/runner/workspace/shared/schema.ts": {"path":"/home/runner/workspace/shared/schema.ts","statementMap":{"0":{"start":{"line":9,"column":29},"end":{"line":9,"column":null}},"1":{"start":{"line":13,"column":13},"end":{"line":24,"column":null}},"2":{"start":{"line":27,"column":37},"end":{"line":27,"column":null}},"3":{"start":{"line":30,"column":13},"end":{"line":44,"column":null}},"4":{"start":{"line":40,"column":14},"end":{"line":44,"column":1}},"5":{"start":{"line":46,"column":30},"end":{"line":46,"column":null}},"6":{"start":{"line":49,"column":13},"end":{"line":59,"column":null}},"7":{"start":{"line":67,"column":13},"end":{"line":84,"column":null}},"8":{"start":{"line":80,"column":14},"end":{"line":84,"column":1}},"9":{"start":{"line":86,"column":13},"end":{"line":100,"column":null}},"10":{"start":{"line":96,"column":14},"end":{"line":100,"column":1}},"11":{"start":{"line":102,"column":13},"end":{"line":111,"column":null}},"12":{"start":{"line":108,"column":14},"end":{"line":111,"column":1}},"13":{"start":{"line":113,"column":31},"end":{"line":113,"column":null}},"14":{"start":{"line":116,"column":13},"end":{"line":130,"column":null}},"15":{"start":{"line":127,"column":14},"end":{"line":130,"column":1}},"16":{"start":{"line":132,"column":13},"end":{"line":141,"column":null}},"17":{"start":{"line":138,"column":14},"end":{"line":141,"column":1}},"18":{"start":{"line":143,"column":27},"end":{"line":151,"column":null}},"19":{"start":{"line":153,"column":13},"end":{"line":166,"column":null}},"20":{"start":{"line":163,"column":14},"end":{"line":166,"column":1}},"21":{"start":{"line":169,"column":13},"end":{"line":181,"column":null}},"22":{"start":{"line":183,"column":13},"end":{"line":192,"column":null}},"23":{"start":{"line":194,"column":13},"end":{"line":207,"column":null}},"24":{"start":{"line":204,"column":14},"end":{"line":207,"column":1}},"25":{"start":{"line":210,"column":34},"end":{"line":210,"column":null}},"26":{"start":{"line":214,"column":29},"end":{"line":214,"column":null}},"27":{"start":{"line":217,"column":13},"end":{"line":228,"column":null}},"28":{"start":{"line":230,"column":13},"end":{"line":238,"column":null}},"29":{"start":{"line":240,"column":13},"end":{"line":247,"column":null}},"30":{"start":{"line":245,"column":14},"end":{"line":247,"column":1}},"31":{"start":{"line":249,"column":13},"end":{"line":256,"column":null}},"32":{"start":{"line":258,"column":13},"end":{"line":265,"column":null}},"33":{"start":{"line":267,"column":26},"end":{"line":267,"column":null}},"34":{"start":{"line":276,"column":13},"end":{"line":283,"column":null}},"35":{"start":{"line":285,"column":13},"end":{"line":292,"column":null}},"36":{"start":{"line":290,"column":14},"end":{"line":292,"column":1}},"37":{"start":{"line":294,"column":13},"end":{"line":301,"column":null}},"38":{"start":{"line":303,"column":13},"end":{"line":308,"column":null}},"39":{"start":{"line":310,"column":13},"end":{"line":317,"column":null}},"40":{"start":{"line":315,"column":14},"end":{"line":317,"column":1}},"41":{"start":{"line":320,"column":30},"end":{"line":320,"column":null}},"42":{"start":{"line":323,"column":13},"end":{"line":335,"column":null}},"43":{"start":{"line":337,"column":13},"end":{"line":349,"column":null}},"44":{"start":{"line":347,"column":14},"end":{"line":349,"column":1}},"45":{"start":{"line":351,"column":30},"end":{"line":364,"column":null}},"46":{"start":{"line":368,"column":13},"end":{"line":377,"column":null}},"47":{"start":{"line":375,"column":14},"end":{"line":377,"column":1}},"48":{"start":{"line":379,"column":13},"end":{"line":390,"column":null}},"49":{"start":{"line":379,"column":81},"end":{"line":390,"column":2}},"50":{"start":{"line":392,"column":13},"end":{"line":397,"column":null}},"51":{"start":{"line":392,"column":79},"end":{"line":397,"column":2}},"52":{"start":{"line":399,"column":13},"end":{"line":408,"column":null}},"53":{"start":{"line":399,"column":101},"end":{"line":408,"column":2}},"54":{"start":{"line":410,"column":13},"end":{"line":414,"column":null}},"55":{"start":{"line":410,"column":62},"end":{"line":414,"column":2}},"56":{"start":{"line":416,"column":13},"end":{"line":425,"column":null}},"57":{"start":{"line":416,"column":71},"end":{"line":425,"column":2}},"58":{"start":{"line":427,"column":13},"end":{"line":436,"column":null}},"59":{"start":{"line":427,"column":69},"end":{"line":436,"column":2}},"60":{"start":{"line":438,"column":13},"end":{"line":441,"column":null}},"61":{"start":{"line":438,"column":76},"end":{"line":441,"column":2}},"62":{"start":{"line":443,"column":13},"end":{"line":448,"column":null}},"63":{"start":{"line":443,"column":75},"end":{"line":448,"column":2}},"64":{"start":{"line":450,"column":13},"end":{"line":452,"column":null}},"65":{"start":{"line":450,"column":80},"end":{"line":452,"column":2}},"66":{"start":{"line":454,"column":13},"end":{"line":460,"column":null}},"67":{"start":{"line":454,"column":93},"end":{"line":460,"column":2}},"68":{"start":{"line":462,"column":13},"end":{"line":472,"column":null}},"69":{"start":{"line":462,"column":89},"end":{"line":472,"column":2}},"70":{"start":{"line":474,"column":13},"end":{"line":479,"column":null}},"71":{"start":{"line":474,"column":87},"end":{"line":479,"column":2}},"72":{"start":{"line":481,"column":13},"end":{"line":490,"column":null}},"73":{"start":{"line":481,"column":89},"end":{"line":490,"column":2}},"74":{"start":{"line":492,"column":13},"end":{"line":501,"column":null}},"75":{"start":{"line":492,"column":87},"end":{"line":501,"column":2}},"76":{"start":{"line":503,"column":13},"end":{"line":506,"column":null}},"77":{"start":{"line":503,"column":64},"end":{"line":506,"column":2}},"78":{"start":{"line":508,"column":13},"end":{"line":510,"column":null}},"79":{"start":{"line":508,"column":72},"end":{"line":510,"column":2}},"80":{"start":{"line":512,"column":13},"end":{"line":522,"column":null}},"81":{"start":{"line":512,"column":87},"end":{"line":522,"column":2}},"82":{"start":{"line":524,"column":13},"end":{"line":529,"column":null}},"83":{"start":{"line":524,"column":69},"end":{"line":529,"column":2}},"84":{"start":{"line":531,"column":13},"end":{"line":531,"column":null}},"85":{"start":{"line":532,"column":13},"end":{"line":534,"column":null}},"86":{"start":{"line":535,"column":13},"end":{"line":535,"column":null}},"87":{"start":{"line":536,"column":13},"end":{"line":536,"column":null}},"88":{"start":{"line":537,"column":13},"end":{"line":537,"column":null}},"89":{"start":{"line":538,"column":13},"end":{"line":538,"column":null}},"90":{"start":{"line":539,"column":13},"end":{"line":539,"column":null}},"91":{"start":{"line":540,"column":13},"end":{"line":540,"column":null}},"92":{"start":{"line":541,"column":13},"end":{"line":541,"column":null}},"93":{"start":{"line":542,"column":13},"end":{"line":542,"column":null}},"94":{"start":{"line":543,"column":13},"end":{"line":543,"column":null}},"95":{"start":{"line":544,"column":13},"end":{"line":544,"column":null}},"96":{"start":{"line":545,"column":13},"end":{"line":545,"column":null}},"97":{"start":{"line":546,"column":13},"end":{"line":546,"column":null}},"98":{"start":{"line":547,"column":13},"end":{"line":547,"column":null}},"99":{"start":{"line":548,"column":13},"end":{"line":548,"column":null}},"100":{"start":{"line":549,"column":13},"end":{"line":549,"column":null}},"101":{"start":{"line":550,"column":13},"end":{"line":550,"column":null}},"102":{"start":{"line":551,"column":13},"end":{"line":551,"column":null}},"103":{"start":{"line":552,"column":13},"end":{"line":552,"column":null}},"104":{"start":{"line":553,"column":13},"end":{"line":553,"column":null}},"105":{"start":{"line":554,"column":13},"end":{"line":554,"column":null}},"106":{"start":{"line":555,"column":13},"end":{"line":555,"column":null}},"107":{"start":{"line":556,"column":13},"end":{"line":556,"column":null}}},"fnMap":{"0":{"name":"(anonymous_0)","decl":{"start":{"line":40,"column":3},"end":{"line":40,"column":4}},"loc":{"start":{"line":40,"column":14},"end":{"line":44,"column":1}},"line":40},"1":{"name":"(anonymous_1)","decl":{"start":{"line":80,"column":3},"end":{"line":80,"column":4}},"loc":{"start":{"line":80,"column":14},"end":{"line":84,"column":1}},"line":80},"2":{"name":"(anonymous_2)","decl":{"start":{"line":96,"column":3},"end":{"line":96,"column":4}},"loc":{"start":{"line":96,"column":14},"end":{"line":100,"column":1}},"line":96},"3":{"name":"(anonymous_3)","decl":{"start":{"line":108,"column":3},"end":{"line":108,"column":4}},"loc":{"start":{"line":108,"column":14},"end":{"line":111,"column":1}},"line":108},"4":{"name":"(anonymous_4)","decl":{"start":{"line":127,"column":3},"end":{"line":127,"column":4}},"loc":{"start":{"line":127,"column":14},"end":{"line":130,"column":1}},"line":127},"5":{"name":"(anonymous_5)","decl":{"start":{"line":138,"column":3},"end":{"line":138,"column":4}},"loc":{"start":{"line":138,"column":14},"end":{"line":141,"column":1}},"line":138},"6":{"name":"(anonymous_6)","decl":{"start":{"line":163,"column":3},"end":{"line":163,"column":4}},"loc":{"start":{"line":163,"column":14},"end":{"line":166,"column":1}},"line":163},"7":{"name":"(anonymous_7)","decl":{"start":{"line":204,"column":3},"end":{"line":204,"column":4}},"loc":{"start":{"line":204,"column":14},"end":{"line":207,"column":1}},"line":204},"8":{"name":"(anonymous_8)","decl":{"start":{"line":245,"column":3},"end":{"line":245,"column":4}},"loc":{"start":{"line":245,"column":14},"end":{"line":247,"column":1}},"line":245},"9":{"name":"(anonymous_9)","decl":{"start":{"line":290,"column":3},"end":{"line":290,"column":4}},"loc":{"start":{"line":290,"column":14},"end":{"line":292,"column":1}},"line":290},"10":{"name":"(anonymous_10)","decl":{"start":{"line":315,"column":3},"end":{"line":315,"column":4}},"loc":{"start":{"line":315,"column":14},"end":{"line":317,"column":1}},"line":315},"11":{"name":"(anonymous_11)","decl":{"start":{"line":347,"column":3},"end":{"line":347,"column":4}},"loc":{"start":{"line":347,"column":14},"end":{"line":349,"column":1}},"line":347},"12":{"name":"(anonymous_12)","decl":{"start":{"line":375,"column":3},"end":{"line":375,"column":4}},"loc":{"start":{"line":375,"column":14},"end":{"line":377,"column":1}},"line":375},"13":{"name":"(anonymous_13)","decl":{"start":{"line":379,"column":61},"end":{"line":379,"column":62}},"loc":{"start":{"line":379,"column":81},"end":{"line":390,"column":2}},"line":379},"14":{"name":"(anonymous_14)","decl":{"start":{"line":392,"column":65},"end":{"line":392,"column":66}},"loc":{"start":{"line":392,"column":79},"end":{"line":397,"column":2}},"line":392},"15":{"name":"(anonymous_15)","decl":{"start":{"line":399,"column":87},"end":{"line":399,"column":88}},"loc":{"start":{"line":399,"column":101},"end":{"line":408,"column":2}},"line":399},"16":{"name":"(anonymous_16)","decl":{"start":{"line":410,"column":47},"end":{"line":410,"column":48}},"loc":{"start":{"line":410,"column":62},"end":{"line":414,"column":2}},"line":410},"17":{"name":"(anonymous_17)","decl":{"start":{"line":416,"column":57},"end":{"line":416,"column":58}},"loc":{"start":{"line":416,"column":71},"end":{"line":425,"column":2}},"line":416},"18":{"name":"(anonymous_18)","decl":{"start":{"line":427,"column":55},"end":{"line":427,"column":56}},"loc":{"start":{"line":427,"column":69},"end":{"line":436,"column":2}},"line":427},"19":{"name":"(anonymous_19)","decl":{"start":{"line":438,"column":61},"end":{"line":438,"column":62}},"loc":{"start":{"line":438,"column":76},"end":{"line":441,"column":2}},"line":438},"20":{"name":"(anonymous_20)","decl":{"start":{"line":443,"column":61},"end":{"line":443,"column":62}},"loc":{"start":{"line":443,"column":75},"end":{"line":448,"column":2}},"line":443},"21":{"name":"(anonymous_21)","decl":{"start":{"line":450,"column":65},"end":{"line":450,"column":66}},"loc":{"start":{"line":450,"column":80},"end":{"line":452,"column":2}},"line":450},"22":{"name":"(anonymous_22)","decl":{"start":{"line":454,"column":73},"end":{"line":454,"column":74}},"loc":{"start":{"line":454,"column":93},"end":{"line":460,"column":2}},"line":454},"23":{"name":"(anonymous_23)","decl":{"start":{"line":462,"column":69},"end":{"line":462,"column":70}},"loc":{"start":{"line":462,"column":89},"end":{"line":472,"column":2}},"line":462},"24":{"name":"(anonymous_24)","decl":{"start":{"line":474,"column":73},"end":{"line":474,"column":74}},"loc":{"start":{"line":474,"column":87},"end":{"line":479,"column":2}},"line":474},"25":{"name":"(anonymous_25)","decl":{"start":{"line":481,"column":75},"end":{"line":481,"column":76}},"loc":{"start":{"line":481,"column":89},"end":{"line":490,"column":2}},"line":481},"26":{"name":"(anonymous_26)","decl":{"start":{"line":492,"column":73},"end":{"line":492,"column":74}},"loc":{"start":{"line":492,"column":87},"end":{"line":501,"column":2}},"line":492},"27":{"name":"(anonymous_27)","decl":{"start":{"line":503,"column":49},"end":{"line":503,"column":50}},"loc":{"start":{"line":503,"column":64},"end":{"line":506,"column":2}},"line":503},"28":{"name":"(anonymous_28)","decl":{"start":{"line":508,"column":57},"end":{"line":508,"column":58}},"loc":{"start":{"line":508,"column":72},"end":{"line":510,"column":2}},"line":508},"29":{"name":"(anonymous_29)","decl":{"start":{"line":512,"column":67},"end":{"line":512,"column":68}},"loc":{"start":{"line":512,"column":87},"end":{"line":522,"column":2}},"line":512},"30":{"name":"(anonymous_30)","decl":{"start":{"line":524,"column":55},"end":{"line":524,"column":56}},"loc":{"start":{"line":524,"column":69},"end":{"line":529,"column":2}},"line":524}},"branchMap":{},"s":{"0":29,"1":29,"2":29,"3":29,"4":29,"5":29,"6":29,"7":29,"8":29,"9":29,"10":29,"11":29,"12":29,"13":29,"14":29,"15":29,"16":29,"17":29,"18":29,"19":29,"20":29,"21":29,"22":29,"23":29,"24":29,"25":29,"26":29,"27":29,"28":29,"29":29,"30":29,"31":29,"32":29,"33":29,"34":29,"35":29,"36":29,"37":29,"38":29,"39":29,"40":29,"41":29,"42":29,"43":29,"44":29,"45":29,"46":29,"47":29,"48":29,"49":29,"50":29,"51":29,"52":29,"53":29,"54":29,"55":29,"56":29,"57":29,"58":29,"59":29,"60":29,"61":29,"62":29,"63":29,"64":29,"65":29,"66":29,"67":29,"68":29,"69":29,"70":29,"71":29,"72":29,"73":29,"74":29,"75":29,"76":29,"77":29,"78":29,"79":29,"80":29,"81":29,"82":29,"83":29,"84":29,"85":29,"86":29,"87":29,"88":29,"89":29,"90":29,"91":29,"92":29,"93":29,"94":29,"95":29,"96":29,"97":29,"98":29,"99":29,"100":29,"101":29,"102":29,"103":29,"104":29,"105":29,"106":29,"107":29},"f":{"0":29,"1":29,"2":29,"3":29,"4":29,"5":29,"6":29,"7":29,"8":29,"9":29,"10":29,"11":29,"12":29,"13":29,"14":29,"15":29,"16":29,"17":29,"18":29,"19":29,"20":29,"21":29,"22":29,"23":29,"24":29,"25":29,"26":29,"27":29,"28":29,"29":29,"30":29},"b":{},"meta":{"lastBranch":0,"lastFunction":31,"lastStatement":108,"seen":{"s:9:29:9:Infinity":0,"s:13:13:24:Infinity":1,"s:27:37:27:Infinity":2,"s:30:13:44:Infinity":3,"f:40:3:40:4":0,"s:40:14:44:1":4,"s:46:30:46:Infinity":5,"s:49:13:59:Infinity":6,"s:67:13:84:Infinity":7,"f:80:3:80:4":1,"s:80:14:84:1":8,"s:86:13:100:Infinity":9,"f:96:3:96:4":2,"s:96:14:100:1":10,"s:102:13:111:Infinity":11,"f:108:3:108:4":3,"s:108:14:111:1":12,"s:113:31:113:Infinity":13,"s:116:13:130:Infinity":14,"f:127:3:127:4":4,"s:127:14:130:1":15,"s:132:13:141:Infinity":16,"f:138:3:138:4":5,"s:138:14:141:1":17,"s:143:27:151:Infinity":18,"s:153:13:166:Infinity":19,"f:163:3:163:4":6,"s:163:14:166:1":20,"s:169:13:181:Infinity":21,"s:183:13:192:Infinity":22,"s:194:13:207:Infinity":23,"f:204:3:204:4":7,"s:204:14:207:1":24,"s:210:34:210:Infinity":25,"s:214:29:214:Infinity":26,"s:217:13:228:Infinity":27,"s:230:13:238:Infinity":28,"s:240:13:247:Infinity":29,"f:245:3:245:4":8,"s:245:14:247:1":30,"s:249:13:256:Infinity":31,"s:258:13:265:Infinity":32,"s:267:26:267:Infinity":33,"s:276:13:283:Infinity":34,"s:285:13:292:Infinity":35,"f:290:3:290:4":9,"s:290:14:292:1":36,"s:294:13:301:Infinity":37,"s:303:13:308:Infinity":38,"s:310:13:317:Infinity":39,"f:315:3:315:4":10,"s:315:14:317:1":40,"s:320:30:320:Infinity":41,"s:323:13:335:Infinity":42,"s:337:13:349:Infinity":43,"f:347:3:347:4":11,"s:347:14:349:1":44,"s:351:30:364:Infinity":45,"s:368:13:377:Infinity":46,"f:375:3:375:4":12,"s:375:14:377:1":47,"s:379:13:390:Infinity":48,"f:379:61:379:62":13,"s:379:81:390:2":49,"s:392:13:397:Infinity":50,"f:392:65:392:66":14,"s:392:79:397:2":51,"s:399:13:408:Infinity":52,"f:399:87:399:88":15,"s:399:101:408:2":53,"s:410:13:414:Infinity":54,"f:410:47:410:48":16,"s:410:62:414:2":55,"s:416:13:425:Infinity":56,"f:416:57:416:58":17,"s:416:71:425:2":57,"s:427:13:436:Infinity":58,"f:427:55:427:56":18,"s:427:69:436:2":59,"s:438:13:441:Infinity":60,"f:438:61:438:62":19,"s:438:76:441:2":61,"s:443:13:448:Infinity":62,"f:443:61:443:62":20,"s:443:75:448:2":63,"s:450:13:452:Infinity":64,"f:450:65:450:66":21,"s:450:80:452:2":65,"s:454:13:460:Infinity":66,"f:454:73:454:74":22,"s:454:93:460:2":67,"s:462:13:472:Infinity":68,"f:462:69:462:70":23,"s:462:89:472:2":69,"s:474:13:479:Infinity":70,"f:474:73:474:74":24,"s:474:87:479:2":71,"s:481:13:490:Infinity":72,"f:481:75:481:76":25,"s:481:89:490:2":73,"s:492:13:501:Infinity":74,"f:492:73:492:74":26,"s:492:87:501:2":75,"s:503:13:506:Infinity":76,"f:503:49:503:50":27,"s:503:64:506:2":77,"s:508:13:510:Infinity":78,"f:508:57:508:58":28,"s:508:72:510:2":79,"s:512:13:522:Infinity":80,"f:512:67:512:68":29,"s:512:87:522:2":81,"s:524:13:529:Infinity":82,"f:524:55:524:56":30,"s:524:69:529:2":83,"s:531:13:531:Infinity":84,"s:532:13:534:Infinity":85,"s:535:13:535:Infinity":86,"s:536:13:536:Infinity":87,"s:537:13:537:Infinity":88,"s:538:13:538:Infinity":89,"s:539:13:539:Infinity":90,"s:540:13:540:Infinity":91,"s:541:13:541:Infinity":92,"s:542:13:542:Infinity":93,"s:543:13:543:Infinity":94,"s:544:13:544:Infinity":95,"s:545:13:545:Infinity":96,"s:546:13:546:Infinity":97,"s:547:13:547:Infinity":98,"s:548:13:548:Infinity":99,"s:549:13:549:Infinity":100,"s:550:13:550:Infinity":101,"s:551:13:551:Infinity":102,"s:552:13:552:Infinity":103,"s:553:13:553:Infinity":104,"s:554:13:554:Infinity":105,"s:555:13:555:Infinity":106,"s:556:13:556:Infinity":107}}}
,"/home/runner/workspace/shared/models/auth.ts": {"path":"/home/runner/workspace/shared/models/auth.ts","statementMap":{"0":{"start":{"line":7,"column":13},"end":{"line":15,"column":null}},"1":{"start":{"line":14,"column":13},"end":{"line":14,"column":null}},"2":{"start":{"line":18,"column":13},"end":{"line":27,"column":null}},"3":{"start":{"line":30,"column":13},"end":{"line":37,"column":null}},"4":{"start":{"line":40,"column":27},"end":{"line":43,"column":null}}},"fnMap":{"0":{"name":"(anonymous_0)","decl":{"start":{"line":14,"column":2},"end":{"line":14,"column":3}},"loc":{"start":{"line":14,"column":13},"end":{"line":14,"column":null}},"line":14}},"branchMap":{},"s":{"0":29,"1":29,"2":29,"3":29,"4":29},"f":{"0":29},"b":{},"meta":{"lastBranch":0,"lastFunction":1,"lastStatement":5,"seen":{"s:7:13:15:Infinity":0,"f:14:2:14:3":0,"s:14:13:14:Infinity":1,"s:18:13:27:Infinity":2,"s:30:13:37:Infinity":3,"s:40:27:43:Infinity":4}}}
}
